mktextfm KalimatiGS/OT
mktextfm KalimatiGS/OT
mktextfm KalimatiGS/OT
mktextfm KalimatiGS/BI/OT
mktextfm KalimatiGS/OT
mktextfm KalimatiGS/B/OT
mktextfm KalimatiGS/OT
mktextfm KalimatiGS/I/OT
mktextfm KalimatiGS/OT
mktextfm KalimatiGS/OT
mktextfm ../../KalimatiGS/OT
mktextfm ../../KalimatiGS/OT
mktextfm ../../KalimatiGS/OT
mktextfm ../../KalimatiGS/BI/OT
mktextfm ../../KalimatiGS/OT
mktextfm ../../KalimatiGS/B/OT
mktextfm ../../KalimatiGS/OT
mktextfm ../../KalimatiGS/I/OT
mktextfm ../../KalimatiGS/OT
mktextfm ../../KalimatiGS/OT
