This is XeTeX, Version 3.14159265-2.6-0.99992 (TeX Live 2015) (preloaded format=xelatex 2015.7.9)  30 OCT 2015 14:17
entering extended mode
 restricted \write18 enabled.
 %&-line parsing enabled.
**Verwandtschaft_eigeneFamilie.tex
(./Verwandtschaft_eigeneFamilie.tex
LaTeX2e <2015/01/01> patch level 2
Babel <3.9l> and hyphenation patterns for 79 languages loaded.
(/home/snordhoff/texlive/texmf-dist/tex/latex/koma-script/scrartcl.cls
Document Class: scrartcl 2015/07/02 v3.18 KOMA-Script document class (article)
(/home/snordhoff/texlive/texmf-dist/tex/latex/koma-script/scrkbase.sty
Package: scrkbase 2015/07/02 v3.18 KOMA-Script package (KOMA-Script-dependent b
asics and keyval usage)

(/home/snordhoff/texlive/texmf-dist/tex/latex/koma-script/scrbase.sty
Package: scrbase 2015/07/02 v3.18 KOMA-Script package (KOMA-Script-independent 
basics and keyval usage)

(/home/snordhoff/texlive/texmf-dist/tex/latex/graphics/keyval.sty
Package: keyval 2014/10/28 v1.15 key=value parser (DPC)
\KV@toks@=\toks14
)
(/home/snordhoff/texlive/texmf-dist/tex/latex/koma-script/scrlfile.sty
Package: scrlfile 2015/07/02 v3.18 KOMA-Script package (loading files)

Package scrlfile, 2015/07/02 v3.18 KOMA-Script package (loading files)
                  Copyright (C) Markus Kohm

))) (/home/snordhoff/texlive/texmf-dist/tex/latex/koma-script/tocbasic.sty
Package: tocbasic 2015/07/02 v3.18 KOMA-Script package (handling toc-files)
)
Package tocbasic Info: omitting babel extension for `toc'
(tocbasic)             because of feature `nobabel' available
(tocbasic)             for `toc' on input line 123.
Package tocbasic Info: omitting babel extension for `lof'
(tocbasic)             because of feature `nobabel' available
(tocbasic)             for `lof' on input line 124.
Package tocbasic Info: omitting babel extension for `lot'
(tocbasic)             because of feature `nobabel' available
(tocbasic)             for `lot' on input line 125.
Class scrartcl Info: File `scrsize11pt.clo' used instead of
(scrartcl)           file `scrsize11.clo' to setup font sizes on input line 202
7.

(/home/snordhoff/texlive/texmf-dist/tex/latex/koma-script/scrsize11pt.clo
File: scrsize11pt.clo 2015/07/02 v3.18 KOMA-Script font size class option (11pt
)
)
(/home/snordhoff/texlive/texmf-dist/tex/latex/koma-script/typearea.sty
Package: typearea 2015/07/02 v3.18 KOMA-Script package (type area)

Package typearea, 2015/07/02 v3.18 KOMA-Script package (type area)
                  Copyright (C) Frank Neukam, 1992-1994
                  Copyright (C) Markus Kohm, 1994-

\ta@bcor=\skip41
\ta@div=\count79
\ta@hblk=\skip42
\ta@vblk=\skip43
\ta@temp=\skip44
\footheight=\skip45
Package typearea Info: These are the values describing the layout:
(typearea)             DIV  = 10
(typearea)             BCOR = 0.0pt
(typearea)             \paperwidth      = 597.50793pt
(typearea)              \textwidth      = 418.25555pt
(typearea)              DIV departure   = -6%
(typearea)              \evensidemargin = 17.3562pt
(typearea)              \oddsidemargin  = 17.3562pt
(typearea)             \paperheight     = 845.04694pt
(typearea)              \textheight     = 595.80026pt
(typearea)              \topmargin      = -25.16531pt
(typearea)              \headheight     = 17.0pt
(typearea)              \headsep        = 20.40001pt
(typearea)              \topskip        = 11.0pt
(typearea)              \footskip       = 47.6pt
(typearea)              \baselineskip   = 13.6pt
(typearea)              on input line 1506.
)
\c@part=\count80
\c@section=\count81
\c@subsection=\count82
\c@subsubsection=\count83
\c@paragraph=\count84
\c@subparagraph=\count85
LaTeX Info: Redefining \textsubscript on input line 3836.
\abovecaptionskip=\skip46
\belowcaptionskip=\skip47
\c@pti@nb@sid@b@x=\box26
\c@figure=\count86
\c@table=\count87
\bibindent=\dimen102
) (/home/snordhoff/texlive/texmf-dist/tex/latex/fontspec/fontspec.sty
Package: fontspec 2015/03/14 v2.4c Font selection for XeLaTeX and LuaLaTeX

(/home/snordhoff/texlive/texmf-dist/tex/latex/l3kernel/expl3.sty
Package: expl3 2015/06/15 v5630 L3 programming layer (loader) 

(/home/snordhoff/texlive/texmf-dist/tex/latex/l3kernel/expl3-code.tex
Package: expl3 2015/06/15 v5630 L3 programming layer (code) 
L3 Module: l3bootstrap 2015/05/20 v5608 L3 Bootstrap code
L3 Module: l3names 2015/02/24 v5535 L3 Namespace for primitives
L3 Module: l3basics 2015/01/27 v5500 L3 Basic definitions
L3 Module: l3expan 2014/11/27 v5472 L3 Argument expansion
L3 Module: l3tl 2015/01/27 v5500 L3 Token lists
L3 Module: l3str 2015/03/01 v5545 L3 Strings
L3 Module: l3seq 2014/08/23 v5354 L3 Sequences and stacks
L3 Module: l3int 2015/02/21 v5529 L3 Integers
\c_max_int=\count88
\l_tmpa_int=\count89
\l_tmpb_int=\count90
\g_tmpa_int=\count91
\g_tmpb_int=\count92
L3 Module: l3quark 2014/08/23 v5354 L3 Quarks
L3 Module: l3prg 2015/04/13 v5566 L3 Control structures
\g__prg_map_int=\count93
L3 Module: l3clist 2014/08/23 v5354 L3 Comma separated lists
L3 Module: l3token 2014/09/15 v5422 L3 Experimental token manipulation
L3 Module: l3prop 2014/08/23 v5354 L3 Property lists
L3 Module: l3msg 2015/02/26 v5537 L3 Messages
L3 Module: l3file 2015/06/07 v5627 L3 File and I/O operations
\l_iow_line_count_int=\count94
\l__iow_target_count_int=\count95
\l__iow_current_line_int=\count96
\l__iow_current_word_int=\count97
\l__iow_current_indentation_int=\count98
L3 Module: l3skip 2015/05/18 v5607 L3 Dimensions and skips
\c_zero_dim=\dimen103
\c_max_dim=\dimen104
\l_tmpa_dim=\dimen105
\l_tmpb_dim=\dimen106
\g_tmpa_dim=\dimen107
\g_tmpb_dim=\dimen108
\c_zero_skip=\skip48
\c_max_skip=\skip49
\l_tmpa_skip=\skip50
\l_tmpb_skip=\skip51
\g_tmpa_skip=\skip52
\g_tmpb_skip=\skip53
\c_zero_muskip=\muskip10
\c_max_muskip=\muskip11
\l_tmpa_muskip=\muskip12
\l_tmpb_muskip=\muskip13
\g_tmpa_muskip=\muskip14
\g_tmpb_muskip=\muskip15
L3 Module: l3keys 2015/06/14 v5629 L3 Key-value interfaces
\g__keyval_level_int=\count99
\l_keys_choice_int=\count100
L3 Module: l3fp 2014/08/22 v5336 L3 Floating points
\c__fp_leading_shift_int=\count101
\c__fp_middle_shift_int=\count102
\c__fp_trailing_shift_int=\count103
\c__fp_big_leading_shift_int=\count104
\c__fp_big_middle_shift_int=\count105
\c__fp_big_trailing_shift_int=\count106
\c__fp_Bigg_leading_shift_int=\count107
\c__fp_Bigg_middle_shift_int=\count108
\c__fp_Bigg_trailing_shift_int=\count109
L3 Module: l3box 2014/08/23 v5354 L3 Experimental boxes
\c_empty_box=\box27
\l_tmpa_box=\box28
\l_tmpb_box=\box29
\g_tmpa_box=\box30
\g_tmpb_box=\box31
L3 Module: l3coffins 2014/08/23 v5354 L3 Coffin code layer
\l__coffin_internal_box=\box32
\l__coffin_internal_dim=\dimen109
\l__coffin_offset_x_dim=\dimen110
\l__coffin_offset_y_dim=\dimen111
\l__coffin_x_dim=\dimen112
\l__coffin_y_dim=\dimen113
\l__coffin_x_prime_dim=\dimen114
\l__coffin_y_prime_dim=\dimen115
\c_empty_coffin=\box33
\l__coffin_aligned_coffin=\box34
\l__coffin_aligned_internal_coffin=\box35
\l_tmpa_coffin=\box36
\l_tmpb_coffin=\box37
\l__coffin_display_coffin=\box38
\l__coffin_display_coord_coffin=\box39
\l__coffin_display_pole_coffin=\box40
\l__coffin_display_offset_dim=\dimen116
\l__coffin_display_x_dim=\dimen117
\l__coffin_display_y_dim=\dimen118
L3 Module: l3color 2014/08/23 v5354 L3 Experimental color support
L3 Module: l3candidates 2015/05/21 v5613 L3 Experimental additions to l3kernel
\l__box_top_dim=\dimen119
\l__box_bottom_dim=\dimen120
\l__box_left_dim=\dimen121
\l__box_right_dim=\dimen122
\l__box_top_new_dim=\dimen123
\l__box_bottom_new_dim=\dimen124
\l__box_left_new_dim=\dimen125
\l__box_right_new_dim=\dimen126
\l__box_internal_box=\box41
\l__coffin_bounding_shift_dim=\dimen127
\l__coffin_left_corner_dim=\dimen128
\l__coffin_right_corner_dim=\dimen129
\l__coffin_bottom_corner_dim=\dimen130
\l__coffin_top_corner_dim=\dimen131
\l__coffin_scaled_total_height_dim=\dimen132
\l__coffin_scaled_width_dim=\dimen133
)
(/home/snordhoff/texlive/texmf-dist/tex/latex/l3kernel/l3unicode-data.def
File: l3unicode-data.def 2015/03/01 v5544 L3 Unicode data
)
(/home/snordhoff/texlive/texmf-dist/tex/latex/l3kernel/l3xdvipdfmx.def
File: l3xdvidpfmx.def 2015/05/21 v5613 L3 Experimental driver: xdvipdfmx
))
(/home/snordhoff/texlive/texmf-dist/tex/latex/l3packages/xparse/xparse.sty
Package: xparse 2015/06/15 v5630 L3 Experimental document command parser
\l__xparse_current_arg_int=\count110
\l__xparse_m_args_int=\count111
\l__xparse_mandatory_args_int=\count112
\l__xparse_processor_int=\count113
\l__xparse_v_nesting_int=\count114
)
\l_fontspec_script_int=\count115
\l_fontspec_language_int=\count116
\l_fontspec_strnum_int=\count117
\l__fontspec_tmpa_dim=\dimen134
\l__fontspec_tmpb_dim=\dimen135
\l__fontspec_tmpc_dim=\dimen136
Variant \tl_gset:cV already defined; not changing it on line 71

(/home/snordhoff/texlive/texmf-dist/tex/latex/fontspec/fontspec-patches.sty
Package: fontspec-patches 2015/03/14 v2.4c Font selection for XeLaTeX and LuaLa
TeX
LaTeX Info: Redefining \em on input line 49.
LaTeX Info: Redefining \emph on input line 57.
LaTeX Info: Redefining \- on input line 60.
.................................................
. LaTeX info: "xparse/redefine-command"
. 
. Redefining command \oldstylenums with sig. 'm' on line 155.
.................................................
.................................................
. LaTeX info: "xparse/define-command"
. 
. Defining command \liningnums with sig. 'm' on line 159.
.................................................
)
(/home/snordhoff/texlive/texmf-dist/tex/latex/fontspec/fontspec-xetex.sty
Package: fontspec-xetex 2015/03/14 v2.4c Font selection for XeLaTeX and LuaLaTe
X

(/home/snordhoff/texlive/texmf-dist/tex/latex/base/fontenc.sty
Package: fontenc 2005/09/27 v1.99g Standard LaTeX package

(/home/snordhoff/texlive/texmf-dist/tex/latex/euenc/eu1enc.def
File: eu1enc.def 2010/05/27 v0.1h Experimental Unicode font encodings
)
LaTeX Font Info:    Try loading font information for EU1+lmr on input line 105.


(/home/snordhoff/texlive/texmf-dist/tex/latex/euenc/eu1lmr.fd
File: eu1lmr.fd 2009/10/30 v1.6 Font defs for Latin Modern
))
(/home/snordhoff/texlive/texmf-dist/tex/xelatex/xunicode/xunicode.sty
File: xunicode.sty 2011/09/09 v0.981 provides access to latin accents and many 
other characters in Unicode lower plane

(/home/snordhoff/texlive/texmf-dist/tex/latex/tipa/t3enc.def
File: t3enc.def 2001/12/31 T3 encoding
LaTeX Font Info:    Try loading font information for EU1+lmss on input line 357
.

(/home/snordhoff/texlive/texmf-dist/tex/latex/euenc/eu1lmss.fd
File: eu1lmss.fd 2009/10/30 v1.6 Font defs for Latin Modern
))
\tipaTiiicode=\count118
\tipasavetokens=\toks15
\tipachecktokens=\toks16

(/home/snordhoff/texlive/texmf-dist/tex/latex/graphics/graphicx.sty
Package: graphicx 2014/10/28 v1.0g Enhanced LaTeX Graphics (DPC,SPQR)

(/home/snordhoff/texlive/texmf-dist/tex/latex/graphics/graphics.sty
Package: graphics 2014/10/28 v1.0p Standard LaTeX Graphics (DPC,SPQR)

(/home/snordhoff/texlive/texmf-dist/tex/latex/graphics/trig.sty
Package: trig 1999/03/16 v1.09 sin cos tan (DPC)
)
(/home/snordhoff/texlive/texmf-dist/tex/latex/latexconfig/graphics.cfg
File: graphics.cfg 2010/04/23 v1.9 graphics configuration of TeX Live
)
Package graphics Info: Driver file: xetex.def on input line 94.

(/home/snordhoff/texlive/texmf-dist/tex/xelatex/xetex-def/xetex.def
File: xetex.def 2015/03/25 v4.04 LaTeX color/graphics driver for XeTeX (TeX Liv
e/RRM/JK)
))
\Gin@req@height=\dimen137
\Gin@req@width=\dimen138
))
.................................................
. LaTeX info: "xparse/define-command"
. 
. Defining command \__fontspec_post_arg:w with sig. 'mmO{}' on line 42.
.................................................
.................................................
. LaTeX info: "xparse/define-command"
. 
. Defining command \fontspec with sig. 'om' on line 44.
.................................................
.................................................
. LaTeX info: "xparse/define-command"
. 
. Defining command \setmainfont with sig. 'om' on line 54.
.................................................
.................................................
. LaTeX info: "xparse/define-command"
. 
. Defining command \setsansfont with sig. 'om' on line 64.
.................................................
.................................................
. LaTeX info: "xparse/define-command"
. 
. Defining command \setmonofont with sig. 'om' on line 74.
.................................................
.................................................
. LaTeX info: "xparse/define-command"
. 
. Defining command \setmathrm with sig. 'om' on line 88.
.................................................
.................................................
. LaTeX info: "xparse/define-command"
. 
. Defining command \setboldmathrm with sig. 'om' on line 96.
.................................................
.................................................
. LaTeX info: "xparse/define-command"
. 
. Defining command \setmathsf with sig. 'om' on line 104.
.................................................
.................................................
. LaTeX info: "xparse/define-command"
. 
. Defining command \setmathtt with sig. 'om' on line 112.
.................................................
.................................................
. LaTeX info: "xparse/define-command"
. 
. Defining command \newfontfamily with sig. 'mom' on line 126.
.................................................
.................................................
. LaTeX info: "xparse/define-command"
. 
. Defining command \newfontface with sig. 'mom' on line 141.
.................................................
.................................................
. LaTeX info: "xparse/define-command"
. 
. Defining command \defaultfontfeatures with sig. 't+om' on line 155.
.................................................
.................................................
. LaTeX info: "xparse/define-command"
. 
. Defining command \addfontfeatures with sig. 'm' on line 210.
.................................................
.................................................
. LaTeX info: "xparse/define-command"
. 
. Defining command \newfontfeature with sig. 'mm' on line 221.
.................................................
.................................................
. LaTeX info: "xparse/define-command"
. 
. Defining command \newAATfeature with sig. 'mmmm' on line 229.
.................................................
.................................................
. LaTeX info: "xparse/define-command"
. 
. Defining command \newopentypefeature with sig. 'mmm' on line 237.
.................................................
.................................................
. LaTeX info: "xparse/define-command"
. 
. Defining command \aliasfontfeature with sig. 'mm' on line 261.
.................................................
.................................................
. LaTeX info: "xparse/define-command"
. 
. Defining command \aliasfontfeatureoption with sig. 'mmm' on line 270.
.................................................
.................................................
. LaTeX info: "xparse/define-command"
. 
. Defining command \newfontscript with sig. 'mm' on line 275.
.................................................
.................................................
. LaTeX info: "xparse/define-command"
. 
. Defining command \newfontlanguage with sig. 'mm' on line 301.
.................................................
.................................................
. LaTeX info: "xparse/define-command"
. 
. Defining command \DeclareFontsExtensions with sig. 'm' on line 321.
.................................................
Variant \prop_gput:cnV already defined; not changing it on line 704
Variant \prop_gput:cnx already defined; not changing it on line 705
\l__fontspec_tmp_int=\count119
LaTeX Info: Redefining \itshape on input line 2232.
LaTeX Info: Redefining \slshape on input line 2237.
LaTeX Info: Redefining \scshape on input line 2242.
LaTeX Info: Redefining \upshape on input line 2247.

(/home/snordhoff/texlive/texmf-dist/tex/latex/fontspec/fontspec.cfg)))
(/home/snordhoff/texlive/texmf-dist/tex/latex/oberdiek/pdflscape.sty
Package: pdflscape 2008/08/11 v0.10 Display of landscape pages in PDF (HO)

(/home/snordhoff/texlive/texmf-dist/tex/latex/graphics/lscape.sty
Package: lscape 2000/10/22 v3.01 Landscape Pages (DPC)
)
(/home/snordhoff/texlive/texmf-dist/tex/generic/oberdiek/ifpdf.sty
Package: ifpdf 2011/01/30 v2.3 Provides the ifpdf switch (HO)
Package ifpdf Info: pdfTeX in PDF mode is not detected.
)
(/home/snordhoff/texlive/texmf-dist/tex/generic/ifxetex/ifxetex.sty
Package: ifxetex 2010/09/12 v0.6 Provides ifxetex conditional
)
Package pdflscape Info: Auto-detected driver: dvipdfm (xetex) on input line 98.


(/home/snordhoff/texlive/texmf-dist/tex/generic/oberdiek/atbegshi.sty
Package: atbegshi 2011/10/05 v1.16 At begin shipout hook (HO)

(/home/snordhoff/texlive/texmf-dist/tex/generic/oberdiek/infwarerr.sty
Package: infwarerr 2010/04/08 v1.3 Providing info/warning/error messages (HO)
)
(/home/snordhoff/texlive/texmf-dist/tex/generic/oberdiek/ltxcmds.sty
Package: ltxcmds 2011/11/09 v1.22 LaTeX kernel commands for general use (HO)
)))
(/home/snordhoff/texlive/texmf-dist/tex/latex/pgf/frontendlayer/tikz.sty
(/home/snordhoff/texlive/texmf-dist/tex/latex/pgf/basiclayer/pgf.sty
(/home/snordhoff/texlive/texmf-dist/tex/latex/pgf/utilities/pgfrcs.sty
(/home/snordhoff/texlive/texmf-dist/tex/generic/pgf/utilities/pgfutil-common.te
x
\pgfutil@everybye=\toks17
\pgfutil@tempdima=\dimen139
\pgfutil@tempdimb=\dimen140

(/home/snordhoff/texlive/texmf-dist/tex/generic/pgf/utilities/pgfutil-common-li
sts.tex))
(/home/snordhoff/texlive/texmf-dist/tex/generic/pgf/utilities/pgfutil-latex.def
\pgfutil@abb=\box42
(/home/snordhoff/texlive/texmf-dist/tex/latex/ms/everyshi.sty
Package: everyshi 2001/05/15 v3.00 EveryShipout Package (MS)
))
(/home/snordhoff/texlive/texmf-dist/tex/generic/pgf/utilities/pgfrcs.code.tex
Package: pgfrcs 2013/12/20 v3.0.0 (rcs-revision 1.28)
))
Package: pgf 2013/12/18 v3.0.0 (rcs-revision 1.14)
(/home/snordhoff/texlive/texmf-dist/tex/latex/pgf/basiclayer/pgfcore.sty
(/home/snordhoff/texlive/texmf-dist/tex/latex/pgf/systemlayer/pgfsys.sty
(/home/snordhoff/texlive/texmf-dist/tex/generic/pgf/systemlayer/pgfsys.code.tex
Package: pgfsys 2013/11/30 v3.0.0 (rcs-revision 1.47)
(/home/snordhoff/texlive/texmf-dist/tex/generic/pgf/utilities/pgfkeys.code.tex
\pgfkeys@pathtoks=\toks18
\pgfkeys@temptoks=\toks19

(/home/snordhoff/texlive/texmf-dist/tex/generic/pgf/utilities/pgfkeysfiltered.c
ode.tex
\pgfkeys@tmptoks=\toks20
))
\pgf@x=\dimen141
\pgf@y=\dimen142
\pgf@xa=\dimen143
\pgf@ya=\dimen144
\pgf@xb=\dimen145
\pgf@yb=\dimen146
\pgf@xc=\dimen147
\pgf@yc=\dimen148
\w@pgf@writea=\write3
\r@pgf@reada=\read1
\c@pgf@counta=\count120
\c@pgf@countb=\count121
\c@pgf@countc=\count122
\c@pgf@countd=\count123
\t@pgf@toka=\toks21
\t@pgf@tokb=\toks22
\t@pgf@tokc=\toks23

(/home/snordhoff/texlive/texmf-dist/tex/generic/pgf/systemlayer/pgf.cfg
File: pgf.cfg 2008/05/14  (rcs-revision 1.7)
)
Driver file for pgf: pgfsys-xetex.def

(/home/snordhoff/texlive/texmf-dist/tex/generic/pgf/systemlayer/pgfsys-xetex.de
f
File: pgfsys-xetex.def 2013/07/16  (rcs-revision 1.9)

(/home/snordhoff/texlive/texmf-dist/tex/generic/pgf/systemlayer/pgfsys-dvipdfmx
.def
File: pgfsys-dvipdfmx.def 2013/08/28  (rcs-revision 1.12)

(/home/snordhoff/texlive/texmf-dist/tex/generic/pgf/systemlayer/pgfsys-common-p
df.def
File: pgfsys-common-pdf.def 2013/10/10  (rcs-revision 1.13)
)
\pgfsys@objnum=\count124
)))
(/home/snordhoff/texlive/texmf-dist/tex/generic/pgf/systemlayer/pgfsyssoftpath.
code.tex
File: pgfsyssoftpath.code.tex 2013/09/09  (rcs-revision 1.9)
\pgfsyssoftpath@smallbuffer@items=\count125
\pgfsyssoftpath@bigbuffer@items=\count126
)
(/home/snordhoff/texlive/texmf-dist/tex/generic/pgf/systemlayer/pgfsysprotocol.
code.tex
File: pgfsysprotocol.code.tex 2006/10/16  (rcs-revision 1.4)
)) (/home/snordhoff/texlive/texmf-dist/tex/latex/xcolor/xcolor.sty
Package: xcolor 2007/01/21 v2.11 LaTeX color extensions (UK)

(/home/snordhoff/texlive/texmf-dist/tex/latex/latexconfig/color.cfg
File: color.cfg 2007/01/18 v1.5 color configuration of teTeX/TeXLive
)
Package xcolor Info: Driver file: xetex.def on input line 225.
Package xcolor Info: Model `cmy' substituted by `cmy0' on input line 1337.
Package xcolor Info: Model `RGB' extended on input line 1353.
Package xcolor Info: Model `HTML' substituted by `rgb' on input line 1355.
Package xcolor Info: Model `Hsb' substituted by `hsb' on input line 1356.
Package xcolor Info: Model `tHsb' substituted by `hsb' on input line 1357.
Package xcolor Info: Model `HSB' substituted by `hsb' on input line 1358.
Package xcolor Info: Model `Gray' substituted by `gray' on input line 1359.
Package xcolor Info: Model `wave' substituted by `hsb' on input line 1360.
)
(/home/snordhoff/texlive/texmf-dist/tex/generic/pgf/basiclayer/pgfcore.code.tex
Package: pgfcore 2010/04/11 v3.0.0 (rcs-revision 1.7)
(/home/snordhoff/texlive/texmf-dist/tex/generic/pgf/math/pgfmath.code.tex
(/home/snordhoff/texlive/texmf-dist/tex/generic/pgf/math/pgfmathcalc.code.tex
(/home/snordhoff/texlive/texmf-dist/tex/generic/pgf/math/pgfmathutil.code.tex)
(/home/snordhoff/texlive/texmf-dist/tex/generic/pgf/math/pgfmathparser.code.tex
\pgfmath@dimen=\dimen149
\pgfmath@count=\count127
\pgfmath@box=\box43
\pgfmath@toks=\toks24
\pgfmath@stack@operand=\toks25
\pgfmath@stack@operation=\toks26
)
(/home/snordhoff/texlive/texmf-dist/tex/generic/pgf/math/pgfmathfunctions.code.
tex
(/home/snordhoff/texlive/texmf-dist/tex/generic/pgf/math/pgfmathfunctions.basic
.code.tex)
(/home/snordhoff/texlive/texmf-dist/tex/generic/pgf/math/pgfmathfunctions.trigo
nometric.code.tex)
(/home/snordhoff/texlive/texmf-dist/tex/generic/pgf/math/pgfmathfunctions.rando
m.code.tex)
(/home/snordhoff/texlive/texmf-dist/tex/generic/pgf/math/pgfmathfunctions.compa
rison.code.tex)
(/home/snordhoff/texlive/texmf-dist/tex/generic/pgf/math/pgfmathfunctions.base.
code.tex)
(/home/snordhoff/texlive/texmf-dist/tex/generic/pgf/math/pgfmathfunctions.round
.code.tex)
(/home/snordhoff/texlive/texmf-dist/tex/generic/pgf/math/pgfmathfunctions.misc.
code.tex)
(/home/snordhoff/texlive/texmf-dist/tex/generic/pgf/math/pgfmathfunctions.integ
erarithmetics.code.tex)))
(/home/snordhoff/texlive/texmf-dist/tex/generic/pgf/math/pgfmathfloat.code.tex
\c@pgfmathroundto@lastzeros=\count128
))
(/home/snordhoff/texlive/texmf-dist/tex/generic/pgf/basiclayer/pgfcorepoints.co
de.tex
File: pgfcorepoints.code.tex 2013/10/07  (rcs-revision 1.27)
\pgf@picminx=\dimen150
\pgf@picmaxx=\dimen151
\pgf@picminy=\dimen152
\pgf@picmaxy=\dimen153
\pgf@pathminx=\dimen154
\pgf@pathmaxx=\dimen155
\pgf@pathminy=\dimen156
\pgf@pathmaxy=\dimen157
\pgf@xx=\dimen158
\pgf@xy=\dimen159
\pgf@yx=\dimen160
\pgf@yy=\dimen161
\pgf@zx=\dimen162
\pgf@zy=\dimen163
)
(/home/snordhoff/texlive/texmf-dist/tex/generic/pgf/basiclayer/pgfcorepathconst
ruct.code.tex
File: pgfcorepathconstruct.code.tex 2013/10/07  (rcs-revision 1.29)
\pgf@path@lastx=\dimen164
\pgf@path@lasty=\dimen165
)
(/home/snordhoff/texlive/texmf-dist/tex/generic/pgf/basiclayer/pgfcorepathusage
.code.tex
File: pgfcorepathusage.code.tex 2013/12/13  (rcs-revision 1.23)
\pgf@shorten@end@additional=\dimen166
\pgf@shorten@start@additional=\dimen167
)
(/home/snordhoff/texlive/texmf-dist/tex/generic/pgf/basiclayer/pgfcorescopes.co
de.tex
File: pgfcorescopes.code.tex 2013/10/09  (rcs-revision 1.44)
\pgfpic=\box44
\pgf@hbox=\box45
\pgf@layerbox@main=\box46
\pgf@picture@serial@count=\count129
)
(/home/snordhoff/texlive/texmf-dist/tex/generic/pgf/basiclayer/pgfcoregraphicst
ate.code.tex
File: pgfcoregraphicstate.code.tex 2013/09/19  (rcs-revision 1.11)
\pgflinewidth=\dimen168
)
(/home/snordhoff/texlive/texmf-dist/tex/generic/pgf/basiclayer/pgfcoretransform
ations.code.tex
File: pgfcoretransformations.code.tex 2013/10/10  (rcs-revision 1.17)
\pgf@pt@x=\dimen169
\pgf@pt@y=\dimen170
\pgf@pt@temp=\dimen171
)
(/home/snordhoff/texlive/texmf-dist/tex/generic/pgf/basiclayer/pgfcorequick.cod
e.tex
File: pgfcorequick.code.tex 2008/10/09  (rcs-revision 1.3)
)
(/home/snordhoff/texlive/texmf-dist/tex/generic/pgf/basiclayer/pgfcoreobjects.c
ode.tex
File: pgfcoreobjects.code.tex 2006/10/11  (rcs-revision 1.2)
)
(/home/snordhoff/texlive/texmf-dist/tex/generic/pgf/basiclayer/pgfcorepathproce
ssing.code.tex
File: pgfcorepathprocessing.code.tex 2013/09/09  (rcs-revision 1.9)
)
(/home/snordhoff/texlive/texmf-dist/tex/generic/pgf/basiclayer/pgfcorearrows.co
de.tex
File: pgfcorearrows.code.tex 2013/11/07  (rcs-revision 1.40)
\pgfarrowsep=\dimen172
)
(/home/snordhoff/texlive/texmf-dist/tex/generic/pgf/basiclayer/pgfcoreshade.cod
e.tex
File: pgfcoreshade.code.tex 2013/07/15  (rcs-revision 1.15)
\pgf@max=\dimen173
\pgf@sys@shading@range@num=\count130
)
(/home/snordhoff/texlive/texmf-dist/tex/generic/pgf/basiclayer/pgfcoreimage.cod
e.tex
File: pgfcoreimage.code.tex 2013/07/15  (rcs-revision 1.18)

(/home/snordhoff/texlive/texmf-dist/tex/generic/pgf/basiclayer/pgfcoreexternal.
code.tex
File: pgfcoreexternal.code.tex 2013/07/15  (rcs-revision 1.20)
\pgfexternal@startupbox=\box47
))
(/home/snordhoff/texlive/texmf-dist/tex/generic/pgf/basiclayer/pgfcorelayers.co
de.tex
File: pgfcorelayers.code.tex 2013/07/18  (rcs-revision 1.7)
)
(/home/snordhoff/texlive/texmf-dist/tex/generic/pgf/basiclayer/pgfcoretranspare
ncy.code.tex
File: pgfcoretransparency.code.tex 2013/09/30  (rcs-revision 1.5)
)
(/home/snordhoff/texlive/texmf-dist/tex/generic/pgf/basiclayer/pgfcorepatterns.
code.tex
File: pgfcorepatterns.code.tex 2013/11/07  (rcs-revision 1.5)
)))
(/home/snordhoff/texlive/texmf-dist/tex/generic/pgf/modules/pgfmoduleshapes.cod
e.tex
File: pgfmoduleshapes.code.tex 2013/10/31  (rcs-revision 1.34)
\pgfnodeparttextbox=\box48
)
(/home/snordhoff/texlive/texmf-dist/tex/generic/pgf/modules/pgfmoduleplot.code.
tex
File: pgfmoduleplot.code.tex 2013/07/31  (rcs-revision 1.12)
)
(/home/snordhoff/texlive/texmf-dist/tex/latex/pgf/compatibility/pgfcomp-version
-0-65.sty
Package: pgfcomp-version-0-65 2007/07/03 v3.0.0 (rcs-revision 1.7)
\pgf@nodesepstart=\dimen174
\pgf@nodesepend=\dimen175
)
(/home/snordhoff/texlive/texmf-dist/tex/latex/pgf/compatibility/pgfcomp-version
-1-18.sty
Package: pgfcomp-version-1-18 2007/07/23 v3.0.0 (rcs-revision 1.1)
))
(/home/snordhoff/texlive/texmf-dist/tex/latex/pgf/utilities/pgffor.sty
(/home/snordhoff/texlive/texmf-dist/tex/latex/pgf/utilities/pgfkeys.sty
(/home/snordhoff/texlive/texmf-dist/tex/generic/pgf/utilities/pgfkeys.code.tex)
) (/home/snordhoff/texlive/texmf-dist/tex/latex/pgf/math/pgfmath.sty
(/home/snordhoff/texlive/texmf-dist/tex/generic/pgf/math/pgfmath.code.tex))
(/home/snordhoff/texlive/texmf-dist/tex/generic/pgf/utilities/pgffor.code.tex
Package: pgffor 2013/12/13 v3.0.0 (rcs-revision 1.25)

(/home/snordhoff/texlive/texmf-dist/tex/generic/pgf/math/pgfmath.code.tex)
\pgffor@iter=\dimen176
\pgffor@skip=\dimen177
\pgffor@stack=\toks27
\pgffor@toks=\toks28
))
(/home/snordhoff/texlive/texmf-dist/tex/generic/pgf/frontendlayer/tikz/tikz.cod
e.tex
Package: tikz 2013/12/13 v3.0.0 (rcs-revision 1.142)

(/home/snordhoff/texlive/texmf-dist/tex/generic/pgf/libraries/pgflibraryplothan
dlers.code.tex
File: pgflibraryplothandlers.code.tex 2013/08/31 v3.0.0 (rcs-revision 1.20)
\pgf@plot@mark@count=\count131
\pgfplotmarksize=\dimen178
)
\tikz@lastx=\dimen179
\tikz@lasty=\dimen180
\tikz@lastxsaved=\dimen181
\tikz@lastysaved=\dimen182
\tikzleveldistance=\dimen183
\tikzsiblingdistance=\dimen184
\tikz@figbox=\box49
\tikz@figbox@bg=\box50
\tikz@tempbox=\box51
\tikz@tempbox@bg=\box52
\tikztreelevel=\count132
\tikznumberofchildren=\count133
\tikznumberofcurrentchild=\count134
\tikz@fig@count=\count135

(/home/snordhoff/texlive/texmf-dist/tex/generic/pgf/modules/pgfmodulematrix.cod
e.tex
File: pgfmodulematrix.code.tex 2013/09/17  (rcs-revision 1.8)
\pgfmatrixcurrentrow=\count136
\pgfmatrixcurrentcolumn=\count137
\pgf@matrix@numberofcolumns=\count138
)
\tikz@expandcount=\count139

(/home/snordhoff/texlive/texmf-dist/tex/generic/pgf/frontendlayer/tikz/librarie
s/tikzlibrarytopaths.code.tex
File: tikzlibrarytopaths.code.tex 2008/06/17 v3.0.0 (rcs-revision 1.2)
)))
(/home/snordhoff/texlive/texmf-dist/tex/generic/pgf/frontendlayer/tikz/librarie
s/tikzlibraryshapes.geometric.code.tex
File: tikzlibraryshapes.geometric.code.tex 2008/01/09 v3.0.0 (rcs-revision 1.1)


(/home/snordhoff/texlive/texmf-dist/tex/generic/pgf/libraries/shapes/pgflibrary
shapes.geometric.code.tex
File: pgflibraryshapes.geometric.code.tex 2008/06/26 v3.0.0 (rcs-revision 1.1)
))

Package typearea Warning: Bad type area settings!
(typearea)                The detected line width is about 37%
(typearea)                larger than the heuristically detected line width.
(typearea)                You should e.g. decrease DIV, increase fontsize
(typearea)                or change papersize.

Package typearea Info: These are the values describing the layout:
(typearea)             DIV  = 28
(typearea)             BCOR = 0.0pt
(typearea)             \paperwidth      = 597.50793pt
(typearea)              \textwidth      = 533.48923pt
(typearea)              DIV departure   = -37%
(typearea)              \evensidemargin = -40.26064pt
(typearea)              \oddsidemargin  = -40.26064pt
(typearea)             \paperheight     = 845.04694pt
(typearea)              \textheight     = 759.00034pt
(typearea)              \topmargin      = -79.48976pt
(typearea)              \headheight     = 17.0pt
(typearea)              \headsep        = 20.40001pt
(typearea)              \topskip        = 11.0pt
(typearea)              \footskip       = 47.6pt
(typearea)              \baselineskip   = 13.6pt
(typearea)              on input line 7.
\g__file_internal_ior=\read2
\g__fontspec_family_LinuxLibertineO_int=\count140
.................................................
. fontspec info: "defining-font"
. 
. Font family 'LinuxLibertineO(0)' created for font 'Linux Libertine O' with
. options [Ligatures=TeX].
. 
. This font family consists of the following shapes:
. 
. * 'normal' with NFSS spec.:
. <->"Linux Libertine O/OT:script=latn;language=DFLT;mapping=tex-text;"
. 
. * 'small caps' with NFSS spec.:
. <->"Linux Libertine O/OT:script=latn;language=DFLT;mapping=tex-text;+smcp;"
. and font adjustment code:
. 
. 
. * 'bold' with NFSS spec.:
. <->"Linux Libertine O/B/OT:script=latn;language=DFLT;mapping=tex-text;"
. 
. * 'bold small caps' with NFSS spec.:
. <->"Linux Libertine
. O/B/OT:script=latn;language=DFLT;mapping=tex-text;+smcp;"
. and font adjustment code:
. 
. 
. * 'italic' with NFSS spec.:
. <->"Linux Libertine O/I/OT:script=latn;language=DFLT;mapping=tex-text;"
. 
. * 'small caps' with NFSS spec.:
. <->"Linux Libertine
. O/I/OT:script=latn;language=DFLT;mapping=tex-text;+smcp;"
. and font adjustment code:
. 
. 
. * 'bold italic' with NFSS spec.:
. <->"Linux Libertine O/BI/OT:script=latn;language=DFLT;mapping=tex-text;"
. 
. * 'bold small caps' with NFSS spec.:
. 
. and font adjustment code:
. 
.................................................

!!!!!!!!!!!!!!!!!!!!!!!!!!!!!!!!!!!!!!!!!!!!!!!!
!
! fontspec error: "font-not-found"
! 
! The font "../../KalimatiGS" cannot be found.
! 
! See the fontspec documentation for further information.
! 
! For immediate help type H <return>.
!...............................................  
                                                  
l.12 ...\deva[Script=Devanagari]{../../KalimatiGS}
                                                  
|'''''''''''''''''''''''''''''''''''''''''''''''
| A font might not be found for many reasons.
| Check the spelling, where the font is installed etc. etc.
| 
| When in doubt, ask someone for help!
|...............................................

*************************************************
* fontspec warning: "script-not-exist"
* 
* Font '../../KalimatiGS' does not contain script 'Devanagari'.
*************************************************
\g__fontspec_family_../../KalimatiGS_int=\count141
.................................................
. fontspec info: "no-font-shape"
. 
. Could not resolve font ../../KalimatiGS/BI (it probably doesn't exist).
.................................................
.................................................
. fontspec info: "no-font-shape"
. 
. Could not resolve font ../../KalimatiGS/B (it probably doesn't exist).
.................................................
.................................................
. fontspec info: "no-font-shape"
. 
. Could not resolve font ../../KalimatiGS/I (it probably doesn't exist).
.................................................

!!!!!!!!!!!!!!!!!!!!!!!!!!!!!!!!!!!!!!!!!!!!!!!!
!
! fontspec error: "font-not-found"
! 
! The font "../../KalimatiGS" cannot be found.
! 
! See the fontspec documentation for further information.
! 
! For immediate help type H <return>.
!...............................................  
                                                  
l.12 ...\deva[Script=Devanagari]{../../KalimatiGS}
                                                  
|'''''''''''''''''''''''''''''''''''''''''''''''
| A font might not be found for many reasons.
| Check the spelling, where the font is installed etc. etc.
| 
| When in doubt, ask someone for help!
|...............................................


!!!!!!!!!!!!!!!!!!!!!!!!!!!!!!!!!!!!!!!!!!!!!!!!
!
! fontspec error: "font-not-found"
! 
! The font "../../KalimatiGS" cannot be found.
! 
! See the fontspec documentation for further information.
! 
! For immediate help type H <return>.
!...............................................  
                                                  
l.12 ...\deva[Script=Devanagari]{../../KalimatiGS}
                                                  
|'''''''''''''''''''''''''''''''''''''''''''''''
| A font might not be found for many reasons.
| Check the spelling, where the font is installed etc. etc.
| 
| When in doubt, ask someone for help!
|...............................................

.................................................
. fontspec info: "defining-font"
. 
. Font family '../../KalimatiGS(0)' created for font '../../KalimatiGS' with
. options [Script=Devanagari].
. 
. This font family consists of the following shapes:
. 
. * 'normal' with NFSS spec.:
. <->"../../KalimatiGS/OT:"
. 
. * 'small caps' with NFSS spec.:
. <->"../../KalimatiGS/OT:"
. and font adjustment code:
. 
.................................................
(./Verwandtschaft_eigeneFamilie.aux)
\openout1 = `Verwandtschaft_eigeneFamilie.aux'.

LaTeX Font Info:    Checking defaults for OML/cmm/m/it on input line 18.
LaTeX Font Info:    ... okay on input line 18.
LaTeX Font Info:    Checking defaults for T1/cmr/m/n on input line 18.
LaTeX Font Info:    ... okay on input line 18.
LaTeX Font Info:    Checking defaults for OT1/cmr/m/n on input line 18.
LaTeX Font Info:    ... okay on input line 18.
LaTeX Font Info:    Checking defaults for OMS/cmsy/m/n on input line 18.
LaTeX Font Info:    ... okay on input line 18.
LaTeX Font Info:    Checking defaults for OMX/cmex/m/n on input line 18.
LaTeX Font Info:    ... okay on input line 18.
LaTeX Font Info:    Checking defaults for U/cmr/m/n on input line 18.
LaTeX Font Info:    ... okay on input line 18.
LaTeX Font Info:    Checking defaults for EU1/lmr/m/n on input line 18.
LaTeX Font Info:    ... okay on input line 18.
LaTeX Font Info:    Checking defaults for T3/cmr/m/n on input line 18.
LaTeX Font Info:    Try loading font information for T3+cmr on input line 18.

(/home/snordhoff/texlive/texmf-dist/tex/latex/tipa/t3cmr.fd
File: t3cmr.fd 2001/12/31 TIPA font definitions
)
LaTeX Font Info:    ... okay on input line 18.
.................................................
. fontspec info: "setup-math"
. 
. Adjusting the maths setup (use [no-math] to avoid this).
.................................................
\symlegacymaths=\mathgroup4
LaTeX Font Info:    Overwriting symbol font `legacymaths' in version `bold'
(Font)                  OT1/cmr/m/n --> OT1/cmr/bx/n on input line 18.
LaTeX Font Info:    Redeclaring math accent \acute on input line 18.
LaTeX Font Info:    Redeclaring math accent \grave on input line 18.
LaTeX Font Info:    Redeclaring math accent \ddot on input line 18.
LaTeX Font Info:    Redeclaring math accent \tilde on input line 18.
LaTeX Font Info:    Redeclaring math accent \bar on input line 18.
LaTeX Font Info:    Redeclaring math accent \breve on input line 18.
LaTeX Font Info:    Redeclaring math accent \check on input line 18.
LaTeX Font Info:    Redeclaring math accent \hat on input line 18.
LaTeX Font Info:    Redeclaring math accent \dot on input line 18.
LaTeX Font Info:    Redeclaring math accent \mathring on input line 18.
LaTeX Font Info:    Redeclaring math symbol \colon on input line 18.
LaTeX Font Info:    Redeclaring math symbol \Gamma on input line 18.
LaTeX Font Info:    Redeclaring math symbol \Delta on input line 18.
LaTeX Font Info:    Redeclaring math symbol \Theta on input line 18.
LaTeX Font Info:    Redeclaring math symbol \Lambda on input line 18.
LaTeX Font Info:    Redeclaring math symbol \Xi on input line 18.
LaTeX Font Info:    Redeclaring math symbol \Pi on input line 18.
LaTeX Font Info:    Redeclaring math symbol \Sigma on input line 18.
LaTeX Font Info:    Redeclaring math symbol \Upsilon on input line 18.
LaTeX Font Info:    Redeclaring math symbol \Phi on input line 18.
LaTeX Font Info:    Redeclaring math symbol \Psi on input line 18.
LaTeX Font Info:    Redeclaring math symbol \Omega on input line 18.
LaTeX Font Info:    Redeclaring math symbol \mathdollar on input line 18.
LaTeX Font Info:    Redeclaring symbol font `operators' on input line 18.
LaTeX Font Info:    Encoding `OT1' has changed to `EU1' for symbol font
(Font)              `operators' in the math version `normal' on input line 18.
LaTeX Font Info:    Overwriting symbol font `operators' in version `normal'
(Font)                  OT1/cmr/m/n --> EU1/LinuxLibertineO(0)/m/n on input lin
e 18.
LaTeX Font Info:    Encoding `OT1' has changed to `EU1' for symbol font
(Font)              `operators' in the math version `bold' on input line 18.
LaTeX Font Info:    Overwriting symbol font `operators' in version `bold'
(Font)                  OT1/cmr/bx/n --> EU1/LinuxLibertineO(0)/m/n on input li
ne 18.
LaTeX Font Info:    Overwriting symbol font `operators' in version `normal'
(Font)                  EU1/LinuxLibertineO(0)/m/n --> EU1/LinuxLibertineO(0)/m
/n on input line 18.
LaTeX Font Info:    Overwriting math alphabet `\mathit' in version `normal'
(Font)                  OT1/cmr/m/it --> EU1/LinuxLibertineO(0)/m/it on input l
ine 18.
LaTeX Font Info:    Overwriting math alphabet `\mathbf' in version `normal'
(Font)                  OT1/cmr/bx/n --> EU1/LinuxLibertineO(0)/bx/n on input l
ine 18.
LaTeX Font Info:    Overwriting math alphabet `\mathsf' in version `normal'
(Font)                  OT1/cmss/m/n --> EU1/lmss/m/n on input line 18.
LaTeX Font Info:    Overwriting math alphabet `\mathtt' in version `normal'
(Font)                  OT1/cmtt/m/n --> EU1/lmtt/m/n on input line 18.
LaTeX Font Info:    Overwriting symbol font `operators' in version `bold'
(Font)                  EU1/LinuxLibertineO(0)/m/n --> EU1/LinuxLibertineO(0)/b
x/n on input line 18.
LaTeX Font Info:    Overwriting math alphabet `\mathit' in version `bold'
(Font)                  OT1/cmr/bx/it --> EU1/LinuxLibertineO(0)/bx/it on input
 line 18.
LaTeX Font Info:    Overwriting math alphabet `\mathsf' in version `bold'
(Font)                  OT1/cmss/bx/n --> EU1/lmss/bx/n on input line 18.
LaTeX Font Info:    Overwriting math alphabet `\mathtt' in version `bold'
(Font)                  OT1/cmtt/m/n --> EU1/lmtt/bx/n on input line 18.
\AtBeginShipoutBox=\box53

ABD: EveryShipout initializing macros

Class scrartcl Warning: Usage of deprecated font command `\it'!
(scrartcl)              You should note, that in 1994 font command `\it' has
(scrartcl)              been defined for compatiblitiy to Script 2.0 only.
(scrartcl)              Now, after two decades of LaTeX2e and NFSS2, you
(scrartcl)              shouldn't use such commands any longer and within
(scrartcl)              KOMA-Script usage of `\it' is definitely deprecated.
(scrartcl)              See `fntguide.pdf' for more information about
(scrartcl)              recommended font commands.
(scrartcl)              Note also, that KOMA-Script will remove the definition
(scrartcl)              of `\it' anytime until release of about version 3.20.
(scrartcl)              But for now, KOMA-Script will replace deprecated `\it'
(scrartcl)              by `\normalfont \itshape ' on input line 57.


Class scrartcl Warning: Usage of deprecated font command `\it'!
(scrartcl)              You should note, that in 1994 font command `\it' has
(scrartcl)              been defined for compatiblitiy to Script 2.0 only.
(scrartcl)              Now, after two decades of LaTeX2e and NFSS2, you
(scrartcl)              shouldn't use such commands any longer and within
(scrartcl)              KOMA-Script usage of `\it' is definitely deprecated.
(scrartcl)              See `fntguide.pdf' for more information about
(scrartcl)              recommended font commands.
(scrartcl)              Note also, that KOMA-Script will remove the definition
(scrartcl)              of `\it' anytime until release of about version 3.20.
(scrartcl)              But for now, KOMA-Script will replace deprecated `\it'
(scrartcl)              by `\normalfont \itshape ' on input line 58.


Class scrartcl Warning: Usage of deprecated font command `\it'!
(scrartcl)              You should note, that in 1994 font command `\it' has
(scrartcl)              been defined for compatiblitiy to Script 2.0 only.
(scrartcl)              Now, after two decades of LaTeX2e and NFSS2, you
(scrartcl)              shouldn't use such commands any longer and within
(scrartcl)              KOMA-Script usage of `\it' is definitely deprecated.
(scrartcl)              See `fntguide.pdf' for more information about
(scrartcl)              recommended font commands.
(scrartcl)              Note also, that KOMA-Script will remove the definition
(scrartcl)              of `\it' anytime until release of about version 3.20.
(scrartcl)              But for now, KOMA-Script will replace deprecated `\it'
(scrartcl)              by `\normalfont \itshape ' on input line 59.


Class scrartcl Warning: Usage of deprecated font command `\it'!
(scrartcl)              You should note, that in 1994 font command `\it' has
(scrartcl)              been defined for compatiblitiy to Script 2.0 only.
(scrartcl)              Now, after two decades of LaTeX2e and NFSS2, you
(scrartcl)              shouldn't use such commands any longer and within
(scrartcl)              KOMA-Script usage of `\it' is definitely deprecated.
(scrartcl)              See `fntguide.pdf' for more information about
(scrartcl)              recommended font commands.
(scrartcl)              Note also, that KOMA-Script will remove the definition
(scrartcl)              of `\it' anytime until release of about version 3.20.
(scrartcl)              But for now, KOMA-Script will replace deprecated `\it'
(scrartcl)              by `\normalfont \itshape ' on input line 60.


Class scrartcl Warning: Usage of deprecated font command `\it'!
(scrartcl)              You should note, that in 1994 font command `\it' has
(scrartcl)              been defined for compatiblitiy to Script 2.0 only.
(scrartcl)              Now, after two decades of LaTeX2e and NFSS2, you
(scrartcl)              shouldn't use such commands any longer and within
(scrartcl)              KOMA-Script usage of `\it' is definitely deprecated.
(scrartcl)              See `fntguide.pdf' for more information about
(scrartcl)              recommended font commands.
(scrartcl)              Note also, that KOMA-Script will remove the definition
(scrartcl)              of `\it' anytime until release of about version 3.20.
(scrartcl)              But for now, KOMA-Script will replace deprecated `\it'
(scrartcl)              by `\normalfont \itshape ' on input line 72.


Class scrartcl Warning: Usage of deprecated font command `\it'!
(scrartcl)              You should note, that in 1994 font command `\it' has
(scrartcl)              been defined for compatiblitiy to Script 2.0 only.
(scrartcl)              Now, after two decades of LaTeX2e and NFSS2, you
(scrartcl)              shouldn't use such commands any longer and within
(scrartcl)              KOMA-Script usage of `\it' is definitely deprecated.
(scrartcl)              See `fntguide.pdf' for more information about
(scrartcl)              recommended font commands.
(scrartcl)              Note also, that KOMA-Script will remove the definition
(scrartcl)              of `\it' anytime until release of about version 3.20.
(scrartcl)              But for now, KOMA-Script will replace deprecated `\it'
(scrartcl)              by `\normalfont \itshape ' on input line 73.


Class scrartcl Warning: Usage of deprecated font command `\it'!
(scrartcl)              You should note, that in 1994 font command `\it' has
(scrartcl)              been defined for compatiblitiy to Script 2.0 only.
(scrartcl)              Now, after two decades of LaTeX2e and NFSS2, you
(scrartcl)              shouldn't use such commands any longer and within
(scrartcl)              KOMA-Script usage of `\it' is definitely deprecated.
(scrartcl)              See `fntguide.pdf' for more information about
(scrartcl)              recommended font commands.
(scrartcl)              Note also, that KOMA-Script will remove the definition
(scrartcl)              of `\it' anytime until release of about version 3.20.
(scrartcl)              But for now, KOMA-Script will replace deprecated `\it'
(scrartcl)              by `\normalfont \itshape ' on input line 78.


Class scrartcl Warning: Usage of deprecated font command `\it'!
(scrartcl)              You should note, that in 1994 font command `\it' has
(scrartcl)              been defined for compatiblitiy to Script 2.0 only.
(scrartcl)              Now, after two decades of LaTeX2e and NFSS2, you
(scrartcl)              shouldn't use such commands any longer and within
(scrartcl)              KOMA-Script usage of `\it' is definitely deprecated.
(scrartcl)              See `fntguide.pdf' for more information about
(scrartcl)              recommended font commands.
(scrartcl)              Note also, that KOMA-Script will remove the definition
(scrartcl)              of `\it' anytime until release of about version 3.20.
(scrartcl)              But for now, KOMA-Script will replace deprecated `\it'
(scrartcl)              by `\normalfont \itshape ' on input line 79.


Class scrartcl Warning: Usage of deprecated font command `\it'!
(scrartcl)              You should note, that in 1994 font command `\it' has
(scrartcl)              been defined for compatiblitiy to Script 2.0 only.
(scrartcl)              Now, after two decades of LaTeX2e and NFSS2, you
(scrartcl)              shouldn't use such commands any longer and within
(scrartcl)              KOMA-Script usage of `\it' is definitely deprecated.
(scrartcl)              See `fntguide.pdf' for more information about
(scrartcl)              recommended font commands.
(scrartcl)              Note also, that KOMA-Script will remove the definition
(scrartcl)              of `\it' anytime until release of about version 3.20.
(scrartcl)              But for now, KOMA-Script will replace deprecated `\it'
(scrartcl)              by `\normalfont \itshape ' on input line 80.


Class scrartcl Warning: Usage of deprecated font command `\it'!
(scrartcl)              You should note, that in 1994 font command `\it' has
(scrartcl)              been defined for compatiblitiy to Script 2.0 only.
(scrartcl)              Now, after two decades of LaTeX2e and NFSS2, you
(scrartcl)              shouldn't use such commands any longer and within
(scrartcl)              KOMA-Script usage of `\it' is definitely deprecated.
(scrartcl)              See `fntguide.pdf' for more information about
(scrartcl)              recommended font commands.
(scrartcl)              Note also, that KOMA-Script will remove the definition
(scrartcl)              of `\it' anytime until release of about version 3.20.
(scrartcl)              But for now, KOMA-Script will replace deprecated `\it'
(scrartcl)              by `\normalfont \itshape ' on input line 81.


Class scrartcl Warning: Usage of deprecated font command `\it'!
(scrartcl)              You should note, that in 1994 font command `\it' has
(scrartcl)              been defined for compatiblitiy to Script 2.0 only.
(scrartcl)              Now, after two decades of LaTeX2e and NFSS2, you
(scrartcl)              shouldn't use such commands any longer and within
(scrartcl)              KOMA-Script usage of `\it' is definitely deprecated.
(scrartcl)              See `fntguide.pdf' for more information about
(scrartcl)              recommended font commands.
(scrartcl)              Note also, that KOMA-Script will remove the definition
(scrartcl)              of `\it' anytime until release of about version 3.20.
(scrartcl)              But for now, KOMA-Script will replace deprecated `\it'
(scrartcl)              by `\normalfont \itshape ' on input line 82.


Class scrartcl Warning: Usage of deprecated font command `\it'!
(scrartcl)              You should note, that in 1994 font command `\it' has
(scrartcl)              been defined for compatiblitiy to Script 2.0 only.
(scrartcl)              Now, after two decades of LaTeX2e and NFSS2, you
(scrartcl)              shouldn't use such commands any longer and within
(scrartcl)              KOMA-Script usage of `\it' is definitely deprecated.
(scrartcl)              See `fntguide.pdf' for more information about
(scrartcl)              recommended font commands.
(scrartcl)              Note also, that KOMA-Script will remove the definition
(scrartcl)              of `\it' anytime until release of about version 3.20.
(scrartcl)              But for now, KOMA-Script will replace deprecated `\it'
(scrartcl)              by `\normalfont \itshape ' on input line 83.


Class scrartcl Warning: Usage of deprecated font command `\it'!
(scrartcl)              You should note, that in 1994 font command `\it' has
(scrartcl)              been defined for compatiblitiy to Script 2.0 only.
(scrartcl)              Now, after two decades of LaTeX2e and NFSS2, you
(scrartcl)              shouldn't use such commands any longer and within
(scrartcl)              KOMA-Script usage of `\it' is definitely deprecated.
(scrartcl)              See `fntguide.pdf' for more information about
(scrartcl)              recommended font commands.
(scrartcl)              Note also, that KOMA-Script will remove the definition
(scrartcl)              of `\it' anytime until release of about version 3.20.
(scrartcl)              But for now, KOMA-Script will replace deprecated `\it'
(scrartcl)              by `\normalfont \itshape ' on input line 84.


Class scrartcl Warning: Usage of deprecated font command `\it'!
(scrartcl)              You should note, that in 1994 font command `\it' has
(scrartcl)              been defined for compatiblitiy to Script 2.0 only.
(scrartcl)              Now, after two decades of LaTeX2e and NFSS2, you
(scrartcl)              shouldn't use such commands any longer and within
(scrartcl)              KOMA-Script usage of `\it' is definitely deprecated.
(scrartcl)              See `fntguide.pdf' for more information about
(scrartcl)              recommended font commands.
(scrartcl)              Note also, that KOMA-Script will remove the definition
(scrartcl)              of `\it' anytime until release of about version 3.20.
(scrartcl)              But for now, KOMA-Script will replace deprecated `\it'
(scrartcl)              by `\normalfont \itshape ' on input line 85.


Class scrartcl Warning: Usage of deprecated font command `\it'!
(scrartcl)              You should note, that in 1994 font command `\it' has
(scrartcl)              been defined for compatiblitiy to Script 2.0 only.
(scrartcl)              Now, after two decades of LaTeX2e and NFSS2, you
(scrartcl)              shouldn't use such commands any longer and within
(scrartcl)              KOMA-Script usage of `\it' is definitely deprecated.
(scrartcl)              See `fntguide.pdf' for more information about
(scrartcl)              recommended font commands.
(scrartcl)              Note also, that KOMA-Script will remove the definition
(scrartcl)              of `\it' anytime until release of about version 3.20.
(scrartcl)              But for now, KOMA-Script will replace deprecated `\it'
(scrartcl)              by `\normalfont \itshape ' on input line 100.


Class scrartcl Warning: Usage of deprecated font command `\it'!
(scrartcl)              You should note, that in 1994 font command `\it' has
(scrartcl)              been defined for compatiblitiy to Script 2.0 only.
(scrartcl)              Now, after two decades of LaTeX2e and NFSS2, you
(scrartcl)              shouldn't use such commands any longer and within
(scrartcl)              KOMA-Script usage of `\it' is definitely deprecated.
(scrartcl)              See `fntguide.pdf' for more information about
(scrartcl)              recommended font commands.
(scrartcl)              Note also, that KOMA-Script will remove the definition
(scrartcl)              of `\it' anytime until release of about version 3.20.
(scrartcl)              But for now, KOMA-Script will replace deprecated `\it'
(scrartcl)              by `\normalfont \itshape ' on input line 101.


Class scrartcl Warning: Usage of deprecated font command `\it'!
(scrartcl)              You should note, that in 1994 font command `\it' has
(scrartcl)              been defined for compatiblitiy to Script 2.0 only.
(scrartcl)              Now, after two decades of LaTeX2e and NFSS2, you
(scrartcl)              shouldn't use such commands any longer and within
(scrartcl)              KOMA-Script usage of `\it' is definitely deprecated.
(scrartcl)              See `fntguide.pdf' for more information about
(scrartcl)              recommended font commands.
(scrartcl)              Note also, that KOMA-Script will remove the definition
(scrartcl)              of `\it' anytime until release of about version 3.20.
(scrartcl)              But for now, KOMA-Script will replace deprecated `\it'
(scrartcl)              by `\normalfont \itshape ' on input line 102.


Class scrartcl Warning: Usage of deprecated font command `\it'!
(scrartcl)              You should note, that in 1994 font command `\it' has
(scrartcl)              been defined for compatiblitiy to Script 2.0 only.
(scrartcl)              Now, after two decades of LaTeX2e and NFSS2, you
(scrartcl)              shouldn't use such commands any longer and within
(scrartcl)              KOMA-Script usage of `\it' is definitely deprecated.
(scrartcl)              See `fntguide.pdf' for more information about
(scrartcl)              recommended font commands.
(scrartcl)              Note also, that KOMA-Script will remove the definition
(scrartcl)              of `\it' anytime until release of about version 3.20.
(scrartcl)              But for now, KOMA-Script will replace deprecated `\it'
(scrartcl)              by `\normalfont \itshape ' on input line 103.


Class scrartcl Warning: Usage of deprecated font command `\it'!
(scrartcl)              You should note, that in 1994 font command `\it' has
(scrartcl)              been defined for compatiblitiy to Script 2.0 only.
(scrartcl)              Now, after two decades of LaTeX2e and NFSS2, you
(scrartcl)              shouldn't use such commands any longer and within
(scrartcl)              KOMA-Script usage of `\it' is definitely deprecated.
(scrartcl)              See `fntguide.pdf' for more information about
(scrartcl)              recommended font commands.
(scrartcl)              Note also, that KOMA-Script will remove the definition
(scrartcl)              of `\it' anytime until release of about version 3.20.
(scrartcl)              But for now, KOMA-Script will replace deprecated `\it'
(scrartcl)              by `\normalfont \itshape ' on input line 104.


Class scrartcl Warning: Usage of deprecated font command `\it'!
(scrartcl)              You should note, that in 1994 font command `\it' has
(scrartcl)              been defined for compatiblitiy to Script 2.0 only.
(scrartcl)              Now, after two decades of LaTeX2e and NFSS2, you
(scrartcl)              shouldn't use such commands any longer and within
(scrartcl)              KOMA-Script usage of `\it' is definitely deprecated.
(scrartcl)              See `fntguide.pdf' for more information about
(scrartcl)              recommended font commands.
(scrartcl)              Note also, that KOMA-Script will remove the definition
(scrartcl)              of `\it' anytime until release of about version 3.20.
(scrartcl)              But for now, KOMA-Script will replace deprecated `\it'
(scrartcl)              by `\normalfont \itshape ' on input line 105.


Class scrartcl Warning: Usage of deprecated font command `\it'!
(scrartcl)              You should note, that in 1994 font command `\it' has
(scrartcl)              been defined for compatiblitiy to Script 2.0 only.
(scrartcl)              Now, after two decades of LaTeX2e and NFSS2, you
(scrartcl)              shouldn't use such commands any longer and within
(scrartcl)              KOMA-Script usage of `\it' is definitely deprecated.
(scrartcl)              See `fntguide.pdf' for more information about
(scrartcl)              recommended font commands.
(scrartcl)              Note also, that KOMA-Script will remove the definition
(scrartcl)              of `\it' anytime until release of about version 3.20.
(scrartcl)              But for now, KOMA-Script will replace deprecated `\it'
(scrartcl)              by `\normalfont \itshape ' on input line 106.


Class scrartcl Warning: Usage of deprecated font command `\it'!
(scrartcl)              You should note, that in 1994 font command `\it' has
(scrartcl)              been defined for compatiblitiy to Script 2.0 only.
(scrartcl)              Now, after two decades of LaTeX2e and NFSS2, you
(scrartcl)              shouldn't use such commands any longer and within
(scrartcl)              KOMA-Script usage of `\it' is definitely deprecated.
(scrartcl)              See `fntguide.pdf' for more information about
(scrartcl)              recommended font commands.
(scrartcl)              Note also, that KOMA-Script will remove the definition
(scrartcl)              of `\it' anytime until release of about version 3.20.
(scrartcl)              But for now, KOMA-Script will replace deprecated `\it'
(scrartcl)              by `\normalfont \itshape ' on input line 107.


Class scrartcl Warning: Usage of deprecated font command `\it'!
(scrartcl)              You should note, that in 1994 font command `\it' has
(scrartcl)              been defined for compatiblitiy to Script 2.0 only.
(scrartcl)              Now, after two decades of LaTeX2e and NFSS2, you
(scrartcl)              shouldn't use such commands any longer and within
(scrartcl)              KOMA-Script usage of `\it' is definitely deprecated.
(scrartcl)              See `fntguide.pdf' for more information about
(scrartcl)              recommended font commands.
(scrartcl)              Note also, that KOMA-Script will remove the definition
(scrartcl)              of `\it' anytime until release of about version 3.20.
(scrartcl)              But for now, KOMA-Script will replace deprecated `\it'
(scrartcl)              by `\normalfont \itshape ' on input line 120.


Class scrartcl Warning: Usage of deprecated font command `\it'!
(scrartcl)              You should note, that in 1994 font command `\it' has
(scrartcl)              been defined for compatiblitiy to Script 2.0 only.
(scrartcl)              Now, after two decades of LaTeX2e and NFSS2, you
(scrartcl)              shouldn't use such commands any longer and within
(scrartcl)              KOMA-Script usage of `\it' is definitely deprecated.
(scrartcl)              See `fntguide.pdf' for more information about
(scrartcl)              recommended font commands.
(scrartcl)              Note also, that KOMA-Script will remove the definition
(scrartcl)              of `\it' anytime until release of about version 3.20.
(scrartcl)              But for now, KOMA-Script will replace deprecated `\it'
(scrartcl)              by `\normalfont \itshape ' on input line 121.


Class scrartcl Warning: Usage of deprecated font command `\it'!
(scrartcl)              You should note, that in 1994 font command `\it' has
(scrartcl)              been defined for compatiblitiy to Script 2.0 only.
(scrartcl)              Now, after two decades of LaTeX2e and NFSS2, you
(scrartcl)              shouldn't use such commands any longer and within
(scrartcl)              KOMA-Script usage of `\it' is definitely deprecated.
(scrartcl)              See `fntguide.pdf' for more information about
(scrartcl)              recommended font commands.
(scrartcl)              Note also, that KOMA-Script will remove the definition
(scrartcl)              of `\it' anytime until release of about version 3.20.
(scrartcl)              But for now, KOMA-Script will replace deprecated `\it'
(scrartcl)              by `\normalfont \itshape ' on input line 122.


Class scrartcl Warning: Usage of deprecated font command `\it'!
(scrartcl)              You should note, that in 1994 font command `\it' has
(scrartcl)              been defined for compatiblitiy to Script 2.0 only.
(scrartcl)              Now, after two decades of LaTeX2e and NFSS2, you
(scrartcl)              shouldn't use such commands any longer and within
(scrartcl)              KOMA-Script usage of `\it' is definitely deprecated.
(scrartcl)              See `fntguide.pdf' for more information about
(scrartcl)              recommended font commands.
(scrartcl)              Note also, that KOMA-Script will remove the definition
(scrartcl)              of `\it' anytime until release of about version 3.20.
(scrartcl)              But for now, KOMA-Script will replace deprecated `\it'
(scrartcl)              by `\normalfont \itshape ' on input line 123.


Class scrartcl Warning: Usage of deprecated font command `\it'!
(scrartcl)              You should note, that in 1994 font command `\it' has
(scrartcl)              been defined for compatiblitiy to Script 2.0 only.
(scrartcl)              Now, after two decades of LaTeX2e and NFSS2, you
(scrartcl)              shouldn't use such commands any longer and within
(scrartcl)              KOMA-Script usage of `\it' is definitely deprecated.
(scrartcl)              See `fntguide.pdf' for more information about
(scrartcl)              recommended font commands.
(scrartcl)              Note also, that KOMA-Script will remove the definition
(scrartcl)              of `\it' anytime until release of about version 3.20.
(scrartcl)              But for now, KOMA-Script will replace deprecated `\it'
(scrartcl)              by `\normalfont \itshape ' on input line 124.


Class scrartcl Warning: Usage of deprecated font command `\it'!
(scrartcl)              You should note, that in 1994 font command `\it' has
(scrartcl)              been defined for compatiblitiy to Script 2.0 only.
(scrartcl)              Now, after two decades of LaTeX2e and NFSS2, you
(scrartcl)              shouldn't use such commands any longer and within
(scrartcl)              KOMA-Script usage of `\it' is definitely deprecated.
(scrartcl)              See `fntguide.pdf' for more information about
(scrartcl)              recommended font commands.
(scrartcl)              Note also, that KOMA-Script will remove the definition
(scrartcl)              of `\it' anytime until release of about version 3.20.
(scrartcl)              But for now, KOMA-Script will replace deprecated `\it'
(scrartcl)              by `\normalfont \itshape ' on input line 125.


Class scrartcl Warning: Usage of deprecated font command `\it'!
(scrartcl)              You should note, that in 1994 font command `\it' has
(scrartcl)              been defined for compatiblitiy to Script 2.0 only.
(scrartcl)              Now, after two decades of LaTeX2e and NFSS2, you
(scrartcl)              shouldn't use such commands any longer and within
(scrartcl)              KOMA-Script usage of `\it' is definitely deprecated.
(scrartcl)              See `fntguide.pdf' for more information about
(scrartcl)              recommended font commands.
(scrartcl)              Note also, that KOMA-Script will remove the definition
(scrartcl)              of `\it' anytime until release of about version 3.20.
(scrartcl)              But for now, KOMA-Script will replace deprecated `\it'
(scrartcl)              by `\normalfont \itshape ' on input line 126.


Class scrartcl Warning: Usage of deprecated font command `\it'!
(scrartcl)              You should note, that in 1994 font command `\it' has
(scrartcl)              been defined for compatiblitiy to Script 2.0 only.
(scrartcl)              Now, after two decades of LaTeX2e and NFSS2, you
(scrartcl)              shouldn't use such commands any longer and within
(scrartcl)              KOMA-Script usage of `\it' is definitely deprecated.
(scrartcl)              See `fntguide.pdf' for more information about
(scrartcl)              recommended font commands.
(scrartcl)              Note also, that KOMA-Script will remove the definition
(scrartcl)              of `\it' anytime until release of about version 3.20.
(scrartcl)              But for now, KOMA-Script will replace deprecated `\it'
(scrartcl)              by `\normalfont \itshape ' on input line 127.


Class scrartcl Warning: Usage of deprecated font command `\it'!
(scrartcl)              You should note, that in 1994 font command `\it' has
(scrartcl)              been defined for compatiblitiy to Script 2.0 only.
(scrartcl)              Now, after two decades of LaTeX2e and NFSS2, you
(scrartcl)              shouldn't use such commands any longer and within
(scrartcl)              KOMA-Script usage of `\it' is definitely deprecated.
(scrartcl)              See `fntguide.pdf' for more information about
(scrartcl)              recommended font commands.
(scrartcl)              Note also, that KOMA-Script will remove the definition
(scrartcl)              of `\it' anytime until release of about version 3.20.
(scrartcl)              But for now, KOMA-Script will replace deprecated `\it'
(scrartcl)              by `\normalfont \itshape ' on input line 142.


Class scrartcl Warning: Usage of deprecated font command `\it'!
(scrartcl)              You should note, that in 1994 font command `\it' has
(scrartcl)              been defined for compatiblitiy to Script 2.0 only.
(scrartcl)              Now, after two decades of LaTeX2e and NFSS2, you
(scrartcl)              shouldn't use such commands any longer and within
(scrartcl)              KOMA-Script usage of `\it' is definitely deprecated.
(scrartcl)              See `fntguide.pdf' for more information about
(scrartcl)              recommended font commands.
(scrartcl)              Note also, that KOMA-Script will remove the definition
(scrartcl)              of `\it' anytime until release of about version 3.20.
(scrartcl)              But for now, KOMA-Script will replace deprecated `\it'
(scrartcl)              by `\normalfont \itshape ' on input line 143.


Class scrartcl Warning: Usage of deprecated font command `\it'!
(scrartcl)              You should note, that in 1994 font command `\it' has
(scrartcl)              been defined for compatiblitiy to Script 2.0 only.
(scrartcl)              Now, after two decades of LaTeX2e and NFSS2, you
(scrartcl)              shouldn't use such commands any longer and within
(scrartcl)              KOMA-Script usage of `\it' is definitely deprecated.
(scrartcl)              See `fntguide.pdf' for more information about
(scrartcl)              recommended font commands.
(scrartcl)              Note also, that KOMA-Script will remove the definition
(scrartcl)              of `\it' anytime until release of about version 3.20.
(scrartcl)              But for now, KOMA-Script will replace deprecated `\it'
(scrartcl)              by `\normalfont \itshape ' on input line 144.


Class scrartcl Warning: Usage of deprecated font command `\it'!
(scrartcl)              You should note, that in 1994 font command `\it' has
(scrartcl)              been defined for compatiblitiy to Script 2.0 only.
(scrartcl)              Now, after two decades of LaTeX2e and NFSS2, you
(scrartcl)              shouldn't use such commands any longer and within
(scrartcl)              KOMA-Script usage of `\it' is definitely deprecated.
(scrartcl)              See `fntguide.pdf' for more information about
(scrartcl)              recommended font commands.
(scrartcl)              Note also, that KOMA-Script will remove the definition
(scrartcl)              of `\it' anytime until release of about version 3.20.
(scrartcl)              But for now, KOMA-Script will replace deprecated `\it'
(scrartcl)              by `\normalfont \itshape ' on input line 145.


Class scrartcl Warning: Usage of deprecated font command `\it'!
(scrartcl)              You should note, that in 1994 font command `\it' has
(scrartcl)              been defined for compatiblitiy to Script 2.0 only.
(scrartcl)              Now, after two decades of LaTeX2e and NFSS2, you
(scrartcl)              shouldn't use such commands any longer and within
(scrartcl)              KOMA-Script usage of `\it' is definitely deprecated.
(scrartcl)              See `fntguide.pdf' for more information about
(scrartcl)              recommended font commands.
(scrartcl)              Note also, that KOMA-Script will remove the definition
(scrartcl)              of `\it' anytime until release of about version 3.20.
(scrartcl)              But for now, KOMA-Script will replace deprecated `\it'
(scrartcl)              by `\normalfont \itshape ' on input line 146.


Class scrartcl Warning: Usage of deprecated font command `\it'!
(scrartcl)              You should note, that in 1994 font command `\it' has
(scrartcl)              been defined for compatiblitiy to Script 2.0 only.
(scrartcl)              Now, after two decades of LaTeX2e and NFSS2, you
(scrartcl)              shouldn't use such commands any longer and within
(scrartcl)              KOMA-Script usage of `\it' is definitely deprecated.
(scrartcl)              See `fntguide.pdf' for more information about
(scrartcl)              recommended font commands.
(scrartcl)              Note also, that KOMA-Script will remove the definition
(scrartcl)              of `\it' anytime until release of about version 3.20.
(scrartcl)              But for now, KOMA-Script will replace deprecated `\it'
(scrartcl)              by `\normalfont \itshape ' on input line 147.


Class scrartcl Warning: Usage of deprecated font command `\it'!
(scrartcl)              You should note, that in 1994 font command `\it' has
(scrartcl)              been defined for compatiblitiy to Script 2.0 only.
(scrartcl)              Now, after two decades of LaTeX2e and NFSS2, you
(scrartcl)              shouldn't use such commands any longer and within
(scrartcl)              KOMA-Script usage of `\it' is definitely deprecated.
(scrartcl)              See `fntguide.pdf' for more information about
(scrartcl)              recommended font commands.
(scrartcl)              Note also, that KOMA-Script will remove the definition
(scrartcl)              of `\it' anytime until release of about version 3.20.
(scrartcl)              But for now, KOMA-Script will replace deprecated `\it'
(scrartcl)              by `\normalfont \itshape ' on input line 148.


Class scrartcl Warning: Usage of deprecated font command `\it'!
(scrartcl)              You should note, that in 1994 font command `\it' has
(scrartcl)              been defined for compatiblitiy to Script 2.0 only.
(scrartcl)              Now, after two decades of LaTeX2e and NFSS2, you
(scrartcl)              shouldn't use such commands any longer and within
(scrartcl)              KOMA-Script usage of `\it' is definitely deprecated.
(scrartcl)              See `fntguide.pdf' for more information about
(scrartcl)              recommended font commands.
(scrartcl)              Note also, that KOMA-Script will remove the definition
(scrartcl)              of `\it' anytime until release of about version 3.20.
(scrartcl)              But for now, KOMA-Script will replace deprecated `\it'
(scrartcl)              by `\normalfont \itshape ' on input line 149.


Class scrartcl Warning: Usage of deprecated font command `\it'!
(scrartcl)              You should note, that in 1994 font command `\it' has
(scrartcl)              been defined for compatiblitiy to Script 2.0 only.
(scrartcl)              Now, after two decades of LaTeX2e and NFSS2, you
(scrartcl)              shouldn't use such commands any longer and within
(scrartcl)              KOMA-Script usage of `\it' is definitely deprecated.
(scrartcl)              See `fntguide.pdf' for more information about
(scrartcl)              recommended font commands.
(scrartcl)              Note also, that KOMA-Script will remove the definition
(scrartcl)              of `\it' anytime until release of about version 3.20.
(scrartcl)              But for now, KOMA-Script will replace deprecated `\it'
(scrartcl)              by `\normalfont \itshape ' on input line 162.


Class scrartcl Warning: Usage of deprecated font command `\it'!
(scrartcl)              You should note, that in 1994 font command `\it' has
(scrartcl)              been defined for compatiblitiy to Script 2.0 only.
(scrartcl)              Now, after two decades of LaTeX2e and NFSS2, you
(scrartcl)              shouldn't use such commands any longer and within
(scrartcl)              KOMA-Script usage of `\it' is definitely deprecated.
(scrartcl)              See `fntguide.pdf' for more information about
(scrartcl)              recommended font commands.
(scrartcl)              Note also, that KOMA-Script will remove the definition
(scrartcl)              of `\it' anytime until release of about version 3.20.
(scrartcl)              But for now, KOMA-Script will replace deprecated `\it'
(scrartcl)              by `\normalfont \itshape ' on input line 163.


Class scrartcl Warning: Usage of deprecated font command `\it'!
(scrartcl)              You should note, that in 1994 font command `\it' has
(scrartcl)              been defined for compatiblitiy to Script 2.0 only.
(scrartcl)              Now, after two decades of LaTeX2e and NFSS2, you
(scrartcl)              shouldn't use such commands any longer and within
(scrartcl)              KOMA-Script usage of `\it' is definitely deprecated.
(scrartcl)              See `fntguide.pdf' for more information about
(scrartcl)              recommended font commands.
(scrartcl)              Note also, that KOMA-Script will remove the definition
(scrartcl)              of `\it' anytime until release of about version 3.20.
(scrartcl)              But for now, KOMA-Script will replace deprecated `\it'
(scrartcl)              by `\normalfont \itshape ' on input line 164.


Class scrartcl Warning: Usage of deprecated font command `\it'!
(scrartcl)              You should note, that in 1994 font command `\it' has
(scrartcl)              been defined for compatiblitiy to Script 2.0 only.
(scrartcl)              Now, after two decades of LaTeX2e and NFSS2, you
(scrartcl)              shouldn't use such commands any longer and within
(scrartcl)              KOMA-Script usage of `\it' is definitely deprecated.
(scrartcl)              See `fntguide.pdf' for more information about
(scrartcl)              recommended font commands.
(scrartcl)              Note also, that KOMA-Script will remove the definition
(scrartcl)              of `\it' anytime until release of about version 3.20.
(scrartcl)              But for now, KOMA-Script will replace deprecated `\it'
(scrartcl)              by `\normalfont \itshape ' on input line 165.


Class scrartcl Warning: Usage of deprecated font command `\it'!
(scrartcl)              You should note, that in 1994 font command `\it' has
(scrartcl)              been defined for compatiblitiy to Script 2.0 only.
(scrartcl)              Now, after two decades of LaTeX2e and NFSS2, you
(scrartcl)              shouldn't use such commands any longer and within
(scrartcl)              KOMA-Script usage of `\it' is definitely deprecated.
(scrartcl)              See `fntguide.pdf' for more information about
(scrartcl)              recommended font commands.
(scrartcl)              Note also, that KOMA-Script will remove the definition
(scrartcl)              of `\it' anytime until release of about version 3.20.
(scrartcl)              But for now, KOMA-Script will replace deprecated `\it'
(scrartcl)              by `\normalfont \itshape ' on input line 166.


Class scrartcl Warning: Usage of deprecated font command `\it'!
(scrartcl)              You should note, that in 1994 font command `\it' has
(scrartcl)              been defined for compatiblitiy to Script 2.0 only.
(scrartcl)              Now, after two decades of LaTeX2e and NFSS2, you
(scrartcl)              shouldn't use such commands any longer and within
(scrartcl)              KOMA-Script usage of `\it' is definitely deprecated.
(scrartcl)              See `fntguide.pdf' for more information about
(scrartcl)              recommended font commands.
(scrartcl)              Note also, that KOMA-Script will remove the definition
(scrartcl)              of `\it' anytime until release of about version 3.20.
(scrartcl)              But for now, KOMA-Script will replace deprecated `\it'
(scrartcl)              by `\normalfont \itshape ' on input line 167.


Class scrartcl Warning: Usage of deprecated font command `\it'!
(scrartcl)              You should note, that in 1994 font command `\it' has
(scrartcl)              been defined for compatiblitiy to Script 2.0 only.
(scrartcl)              Now, after two decades of LaTeX2e and NFSS2, you
(scrartcl)              shouldn't use such commands any longer and within
(scrartcl)              KOMA-Script usage of `\it' is definitely deprecated.
(scrartcl)              See `fntguide.pdf' for more information about
(scrartcl)              recommended font commands.
(scrartcl)              Note also, that KOMA-Script will remove the definition
(scrartcl)              of `\it' anytime until release of about version 3.20.
(scrartcl)              But for now, KOMA-Script will replace deprecated `\it'
(scrartcl)              by `\normalfont \itshape ' on input line 168.


Class scrartcl Warning: Usage of deprecated font command `\it'!
(scrartcl)              You should note, that in 1994 font command `\it' has
(scrartcl)              been defined for compatiblitiy to Script 2.0 only.
(scrartcl)              Now, after two decades of LaTeX2e and NFSS2, you
(scrartcl)              shouldn't use such commands any longer and within
(scrartcl)              KOMA-Script usage of `\it' is definitely deprecated.
(scrartcl)              See `fntguide.pdf' for more information about
(scrartcl)              recommended font commands.
(scrartcl)              Note also, that KOMA-Script will remove the definition
(scrartcl)              of `\it' anytime until release of about version 3.20.
(scrartcl)              But for now, KOMA-Script will replace deprecated `\it'
(scrartcl)              by `\normalfont \itshape ' on input line 169.


Class scrartcl Warning: Usage of deprecated font command `\it'!
(scrartcl)              You should note, that in 1994 font command `\it' has
(scrartcl)              been defined for compatiblitiy to Script 2.0 only.
(scrartcl)              Now, after two decades of LaTeX2e and NFSS2, you
(scrartcl)              shouldn't use such commands any longer and within
(scrartcl)              KOMA-Script usage of `\it' is definitely deprecated.
(scrartcl)              See `fntguide.pdf' for more information about
(scrartcl)              recommended font commands.
(scrartcl)              Note also, that KOMA-Script will remove the definition
(scrartcl)              of `\it' anytime until release of about version 3.20.
(scrartcl)              But for now, KOMA-Script will replace deprecated `\it'
(scrartcl)              by `\normalfont \itshape ' on input line 170.


Class scrartcl Warning: Usage of deprecated font command `\it'!
(scrartcl)              You should note, that in 1994 font command `\it' has
(scrartcl)              been defined for compatiblitiy to Script 2.0 only.
(scrartcl)              Now, after two decades of LaTeX2e and NFSS2, you
(scrartcl)              shouldn't use such commands any longer and within
(scrartcl)              KOMA-Script usage of `\it' is definitely deprecated.
(scrartcl)              See `fntguide.pdf' for more information about
(scrartcl)              recommended font commands.
(scrartcl)              Note also, that KOMA-Script will remove the definition
(scrartcl)              of `\it' anytime until release of about version 3.20.
(scrartcl)              But for now, KOMA-Script will replace deprecated `\it'
(scrartcl)              by `\normalfont \itshape ' on input line 171.


Class scrartcl Warning: Usage of deprecated font command `\it'!
(scrartcl)              You should note, that in 1994 font command `\it' has
(scrartcl)              been defined for compatiblitiy to Script 2.0 only.
(scrartcl)              Now, after two decades of LaTeX2e and NFSS2, you
(scrartcl)              shouldn't use such commands any longer and within
(scrartcl)              KOMA-Script usage of `\it' is definitely deprecated.
(scrartcl)              See `fntguide.pdf' for more information about
(scrartcl)              recommended font commands.
(scrartcl)              Note also, that KOMA-Script will remove the definition
(scrartcl)              of `\it' anytime until release of about version 3.20.
(scrartcl)              But for now, KOMA-Script will replace deprecated `\it'
(scrartcl)              by `\normalfont \itshape ' on input line 187.


Class scrartcl Warning: Usage of deprecated font command `\it'!
(scrartcl)              You should note, that in 1994 font command `\it' has
(scrartcl)              been defined for compatiblitiy to Script 2.0 only.
(scrartcl)              Now, after two decades of LaTeX2e and NFSS2, you
(scrartcl)              shouldn't use such commands any longer and within
(scrartcl)              KOMA-Script usage of `\it' is definitely deprecated.
(scrartcl)              See `fntguide.pdf' for more information about
(scrartcl)              recommended font commands.
(scrartcl)              Note also, that KOMA-Script will remove the definition
(scrartcl)              of `\it' anytime until release of about version 3.20.
(scrartcl)              But for now, KOMA-Script will replace deprecated `\it'
(scrartcl)              by `\normalfont \itshape ' on input line 188.


Class scrartcl Warning: Usage of deprecated font command `\it'!
(scrartcl)              You should note, that in 1994 font command `\it' has
(scrartcl)              been defined for compatiblitiy to Script 2.0 only.
(scrartcl)              Now, after two decades of LaTeX2e and NFSS2, you
(scrartcl)              shouldn't use such commands any longer and within
(scrartcl)              KOMA-Script usage of `\it' is definitely deprecated.
(scrartcl)              See `fntguide.pdf' for more information about
(scrartcl)              recommended font commands.
(scrartcl)              Note also, that KOMA-Script will remove the definition
(scrartcl)              of `\it' anytime until release of about version 3.20.
(scrartcl)              But for now, KOMA-Script will replace deprecated `\it'
(scrartcl)              by `\normalfont \itshape ' on input line 189.


Class scrartcl Warning: Usage of deprecated font command `\it'!
(scrartcl)              You should note, that in 1994 font command `\it' has
(scrartcl)              been defined for compatiblitiy to Script 2.0 only.
(scrartcl)              Now, after two decades of LaTeX2e and NFSS2, you
(scrartcl)              shouldn't use such commands any longer and within
(scrartcl)              KOMA-Script usage of `\it' is definitely deprecated.
(scrartcl)              See `fntguide.pdf' for more information about
(scrartcl)              recommended font commands.
(scrartcl)              Note also, that KOMA-Script will remove the definition
(scrartcl)              of `\it' anytime until release of about version 3.20.
(scrartcl)              But for now, KOMA-Script will replace deprecated `\it'
(scrartcl)              by `\normalfont \itshape ' on input line 190.


Class scrartcl Warning: Usage of deprecated font command `\it'!
(scrartcl)              You should note, that in 1994 font command `\it' has
(scrartcl)              been defined for compatiblitiy to Script 2.0 only.
(scrartcl)              Now, after two decades of LaTeX2e and NFSS2, you
(scrartcl)              shouldn't use such commands any longer and within
(scrartcl)              KOMA-Script usage of `\it' is definitely deprecated.
(scrartcl)              See `fntguide.pdf' for more information about
(scrartcl)              recommended font commands.
(scrartcl)              Note also, that KOMA-Script will remove the definition
(scrartcl)              of `\it' anytime until release of about version 3.20.
(scrartcl)              But for now, KOMA-Script will replace deprecated `\it'
(scrartcl)              by `\normalfont \itshape ' on input line 191.


Class scrartcl Warning: Usage of deprecated font command `\it'!
(scrartcl)              You should note, that in 1994 font command `\it' has
(scrartcl)              been defined for compatiblitiy to Script 2.0 only.
(scrartcl)              Now, after two decades of LaTeX2e and NFSS2, you
(scrartcl)              shouldn't use such commands any longer and within
(scrartcl)              KOMA-Script usage of `\it' is definitely deprecated.
(scrartcl)              See `fntguide.pdf' for more information about
(scrartcl)              recommended font commands.
(scrartcl)              Note also, that KOMA-Script will remove the definition
(scrartcl)              of `\it' anytime until release of about version 3.20.
(scrartcl)              But for now, KOMA-Script will replace deprecated `\it'
(scrartcl)              by `\normalfont \itshape ' on input line 192.


Class scrartcl Warning: Usage of deprecated font command `\it'!
(scrartcl)              You should note, that in 1994 font command `\it' has
(scrartcl)              been defined for compatiblitiy to Script 2.0 only.
(scrartcl)              Now, after two decades of LaTeX2e and NFSS2, you
(scrartcl)              shouldn't use such commands any longer and within
(scrartcl)              KOMA-Script usage of `\it' is definitely deprecated.
(scrartcl)              See `fntguide.pdf' for more information about
(scrartcl)              recommended font commands.
(scrartcl)              Note also, that KOMA-Script will remove the definition
(scrartcl)              of `\it' anytime until release of about version 3.20.
(scrartcl)              But for now, KOMA-Script will replace deprecated `\it'
(scrartcl)              by `\normalfont \itshape ' on input line 193.


Class scrartcl Warning: Usage of deprecated font command `\it'!
(scrartcl)              You should note, that in 1994 font command `\it' has
(scrartcl)              been defined for compatiblitiy to Script 2.0 only.
(scrartcl)              Now, after two decades of LaTeX2e and NFSS2, you
(scrartcl)              shouldn't use such commands any longer and within
(scrartcl)              KOMA-Script usage of `\it' is definitely deprecated.
(scrartcl)              See `fntguide.pdf' for more information about
(scrartcl)              recommended font commands.
(scrartcl)              Note also, that KOMA-Script will remove the definition
(scrartcl)              of `\it' anytime until release of about version 3.20.
(scrartcl)              But for now, KOMA-Script will replace deprecated `\it'
(scrartcl)              by `\normalfont \itshape ' on input line 194.


Class scrartcl Warning: Usage of deprecated font command `\it'!
(scrartcl)              You should note, that in 1994 font command `\it' has
(scrartcl)              been defined for compatiblitiy to Script 2.0 only.
(scrartcl)              Now, after two decades of LaTeX2e and NFSS2, you
(scrartcl)              shouldn't use such commands any longer and within
(scrartcl)              KOMA-Script usage of `\it' is definitely deprecated.
(scrartcl)              See `fntguide.pdf' for more information about
(scrartcl)              recommended font commands.
(scrartcl)              Note also, that KOMA-Script will remove the definition
(scrartcl)              of `\it' anytime until release of about version 3.20.
(scrartcl)              But for now, KOMA-Script will replace deprecated `\it'
(scrartcl)              by `\normalfont \itshape ' on input line 207.


Class scrartcl Warning: Usage of deprecated font command `\it'!
(scrartcl)              You should note, that in 1994 font command `\it' has
(scrartcl)              been defined for compatiblitiy to Script 2.0 only.
(scrartcl)              Now, after two decades of LaTeX2e and NFSS2, you
(scrartcl)              shouldn't use such commands any longer and within
(scrartcl)              KOMA-Script usage of `\it' is definitely deprecated.
(scrartcl)              See `fntguide.pdf' for more information about
(scrartcl)              recommended font commands.
(scrartcl)              Note also, that KOMA-Script will remove the definition
(scrartcl)              of `\it' anytime until release of about version 3.20.
(scrartcl)              But for now, KOMA-Script will replace deprecated `\it'
(scrartcl)              by `\normalfont \itshape ' on input line 208.


Class scrartcl Warning: Usage of deprecated font command `\it'!
(scrartcl)              You should note, that in 1994 font command `\it' has
(scrartcl)              been defined for compatiblitiy to Script 2.0 only.
(scrartcl)              Now, after two decades of LaTeX2e and NFSS2, you
(scrartcl)              shouldn't use such commands any longer and within
(scrartcl)              KOMA-Script usage of `\it' is definitely deprecated.
(scrartcl)              See `fntguide.pdf' for more information about
(scrartcl)              recommended font commands.
(scrartcl)              Note also, that KOMA-Script will remove the definition
(scrartcl)              of `\it' anytime until release of about version 3.20.
(scrartcl)              But for now, KOMA-Script will replace deprecated `\it'
(scrartcl)              by `\normalfont \itshape ' on input line 209.


Class scrartcl Warning: Usage of deprecated font command `\it'!
(scrartcl)              You should note, that in 1994 font command `\it' has
(scrartcl)              been defined for compatiblitiy to Script 2.0 only.
(scrartcl)              Now, after two decades of LaTeX2e and NFSS2, you
(scrartcl)              shouldn't use such commands any longer and within
(scrartcl)              KOMA-Script usage of `\it' is definitely deprecated.
(scrartcl)              See `fntguide.pdf' for more information about
(scrartcl)              recommended font commands.
(scrartcl)              Note also, that KOMA-Script will remove the definition
(scrartcl)              of `\it' anytime until release of about version 3.20.
(scrartcl)              But for now, KOMA-Script will replace deprecated `\it'
(scrartcl)              by `\normalfont \itshape ' on input line 210.


Class scrartcl Warning: Usage of deprecated font command `\it'!
(scrartcl)              You should note, that in 1994 font command `\it' has
(scrartcl)              been defined for compatiblitiy to Script 2.0 only.
(scrartcl)              Now, after two decades of LaTeX2e and NFSS2, you
(scrartcl)              shouldn't use such commands any longer and within
(scrartcl)              KOMA-Script usage of `\it' is definitely deprecated.
(scrartcl)              See `fntguide.pdf' for more information about
(scrartcl)              recommended font commands.
(scrartcl)              Note also, that KOMA-Script will remove the definition
(scrartcl)              of `\it' anytime until release of about version 3.20.
(scrartcl)              But for now, KOMA-Script will replace deprecated `\it'
(scrartcl)              by `\normalfont \itshape ' on input line 220.


Class scrartcl Warning: Usage of deprecated font command `\it'!
(scrartcl)              You should note, that in 1994 font command `\it' has
(scrartcl)              been defined for compatiblitiy to Script 2.0 only.
(scrartcl)              Now, after two decades of LaTeX2e and NFSS2, you
(scrartcl)              shouldn't use such commands any longer and within
(scrartcl)              KOMA-Script usage of `\it' is definitely deprecated.
(scrartcl)              See `fntguide.pdf' for more information about
(scrartcl)              recommended font commands.
(scrartcl)              Note also, that KOMA-Script will remove the definition
(scrartcl)              of `\it' anytime until release of about version 3.20.
(scrartcl)              But for now, KOMA-Script will replace deprecated `\it'
(scrartcl)              by `\normalfont \itshape ' on input line 221.


Class scrartcl Warning: Usage of deprecated font command `\it'!
(scrartcl)              You should note, that in 1994 font command `\it' has
(scrartcl)              been defined for compatiblitiy to Script 2.0 only.
(scrartcl)              Now, after two decades of LaTeX2e and NFSS2, you
(scrartcl)              shouldn't use such commands any longer and within
(scrartcl)              KOMA-Script usage of `\it' is definitely deprecated.
(scrartcl)              See `fntguide.pdf' for more information about
(scrartcl)              recommended font commands.
(scrartcl)              Note also, that KOMA-Script will remove the definition
(scrartcl)              of `\it' anytime until release of about version 3.20.
(scrartcl)              But for now, KOMA-Script will replace deprecated `\it'
(scrartcl)              by `\normalfont \itshape ' on input line 222.


Class scrartcl Warning: Usage of deprecated font command `\it'!
(scrartcl)              You should note, that in 1994 font command `\it' has
(scrartcl)              been defined for compatiblitiy to Script 2.0 only.
(scrartcl)              Now, after two decades of LaTeX2e and NFSS2, you
(scrartcl)              shouldn't use such commands any longer and within
(scrartcl)              KOMA-Script usage of `\it' is definitely deprecated.
(scrartcl)              See `fntguide.pdf' for more information about
(scrartcl)              recommended font commands.
(scrartcl)              Note also, that KOMA-Script will remove the definition
(scrartcl)              of `\it' anytime until release of about version 3.20.
(scrartcl)              But for now, KOMA-Script will replace deprecated `\it'
(scrartcl)              by `\normalfont \itshape ' on input line 223.


Class scrartcl Warning: Usage of deprecated font command `\it'!
(scrartcl)              You should note, that in 1994 font command `\it' has
(scrartcl)              been defined for compatiblitiy to Script 2.0 only.
(scrartcl)              Now, after two decades of LaTeX2e and NFSS2, you
(scrartcl)              shouldn't use such commands any longer and within
(scrartcl)              KOMA-Script usage of `\it' is definitely deprecated.
(scrartcl)              See `fntguide.pdf' for more information about
(scrartcl)              recommended font commands.
(scrartcl)              Note also, that KOMA-Script will remove the definition
(scrartcl)              of `\it' anytime until release of about version 3.20.
(scrartcl)              But for now, KOMA-Script will replace deprecated `\it'
(scrartcl)              by `\normalfont \itshape ' on input line 224.


Class scrartcl Warning: Usage of deprecated font command `\it'!
(scrartcl)              You should note, that in 1994 font command `\it' has
(scrartcl)              been defined for compatiblitiy to Script 2.0 only.
(scrartcl)              Now, after two decades of LaTeX2e and NFSS2, you
(scrartcl)              shouldn't use such commands any longer and within
(scrartcl)              KOMA-Script usage of `\it' is definitely deprecated.
(scrartcl)              See `fntguide.pdf' for more information about
(scrartcl)              recommended font commands.
(scrartcl)              Note also, that KOMA-Script will remove the definition
(scrartcl)              of `\it' anytime until release of about version 3.20.
(scrartcl)              But for now, KOMA-Script will replace deprecated `\it'
(scrartcl)              by `\normalfont \itshape ' on input line 225.


Class scrartcl Warning: Usage of deprecated font command `\it'!
(scrartcl)              You should note, that in 1994 font command `\it' has
(scrartcl)              been defined for compatiblitiy to Script 2.0 only.
(scrartcl)              Now, after two decades of LaTeX2e and NFSS2, you
(scrartcl)              shouldn't use such commands any longer and within
(scrartcl)              KOMA-Script usage of `\it' is definitely deprecated.
(scrartcl)              See `fntguide.pdf' for more information about
(scrartcl)              recommended font commands.
(scrartcl)              Note also, that KOMA-Script will remove the definition
(scrartcl)              of `\it' anytime until release of about version 3.20.
(scrartcl)              But for now, KOMA-Script will replace deprecated `\it'
(scrartcl)              by `\normalfont \itshape ' on input line 226.


Class scrartcl Warning: Usage of deprecated font command `\it'!
(scrartcl)              You should note, that in 1994 font command `\it' has
(scrartcl)              been defined for compatiblitiy to Script 2.0 only.
(scrartcl)              Now, after two decades of LaTeX2e and NFSS2, you
(scrartcl)              shouldn't use such commands any longer and within
(scrartcl)              KOMA-Script usage of `\it' is definitely deprecated.
(scrartcl)              See `fntguide.pdf' for more information about
(scrartcl)              recommended font commands.
(scrartcl)              Note also, that KOMA-Script will remove the definition
(scrartcl)              of `\it' anytime until release of about version 3.20.
(scrartcl)              But for now, KOMA-Script will replace deprecated `\it'
(scrartcl)              by `\normalfont \itshape ' on input line 227.


Overfull \hbox (21.11316pt too wide) in paragraph at lines 259--260
[][] 
 []

[1


] (./Verwandtschaft_eigeneFamilie.aux) )
(\end occurred inside a group at level 1)

### semi simple group (level 1) entered at line 19 (\begingroup)
### bottom level 
Here is how much of TeX's memory you used:
 26063 strings out of 493710
 548087 string characters out of 6145917
 709199 words of memory out of 5000000
 29120 multiletter control sequences out of 15000+600000
 4353 words of font info for 31 fonts, out of 8000000 for 9000
 1328 hyphenation exceptions out of 8191
 64i,6n,60p,10401b,734s stack positions out of 5000i,500n,10000p,200000b,80000s

Output written on Verwandtschaft_eigeneFamilie.pdf (1 page).
